BUILD: [00:0000000000:PROGC ] Build started with parameters:
BUILD: [00:0000000000:PROGC ] Build started in directory: C:\WINCE800\platform\ebox3300\src\common\kitl\BASE
BUILD: [00:0000000000:PROGC ] Running passes WCEFILES0, MIDL, MC, ASN, THUNK, RUN_WPP, XRPACK, PRECOMPHEADER, COMPILE, RENUMBERICONIDS, RES2RES, LIB, EXPLIB, LINK, LOCALIZE, MANAGEDRESX, MANAGEDMOD, MANAGEDDLL, MANAGEDEXE, MANAGEDWIN, POSTBUILD for x86.
BUILD: [00:0000000000:PROGC ] Loading database "C:\wince800\platform\ebox3300\Buildx86debug.dat".
BUILD: [00:0000000010:PROGC ] Done.
BUILD: [00:0000000010:PROGC ] Computing include file dependencies:
BUILD: [01:0000000050:PROGC ] Scan C:\wince800\platform\ebox3300\src\common\kitl\base\
BUILD: [00:0000000611:PROGC ] Directory scanning complete.
BUILD: [00:0000000611:PROGC ] Saving Master Database complete.
BUILD: [00:0000000611:PROGC ] Starting WCEFILES0 Pass.
BUILD: [00:0000000611:PROGC ] Analyzing project dependency information for pass WCEFILES0.
BUILD: [00:0000000611:PROGC ] Starting MIDL Pass.
BUILD: [00:0000000611:PROGC ] Analyzing project dependency information for pass MIDL.
BUILD: [00:0000000611:PROGC ] Starting MC Pass.
BUILD: [00:0000000611:PROGC ] Analyzing project dependency information for pass MC.
BUILD: [00:0000000611:PROGC ] Starting ASN Pass.
BUILD: [00:0000000611:PROGC ] Analyzing project dependency information for pass ASN.
BUILD: [00:0000000611:PROGC ] Starting THUNK Pass.
BUILD: [00:0000000611:PROGC ] Analyzing project dependency information for pass THUNK.
BUILD: [00:0000000611:PROGC ] Starting RUN_WPP Pass.
BUILD: [00:0000000611:PROGC ] Analyzing project dependency information for pass RUN_WPP.
BUILD: [00:0000000611:PROGC ] Starting XRPACK Pass.
BUILD: [00:0000000611:PROGC ] Analyzing project dependency information for pass XRPACK.
BUILD: [00:0000000611:PROGC ] Starting PRECOMPHEADER Pass.
BUILD: [00:0000000611:PROGC ] Analyzing project dependency information for pass PRECOMPHEADER.
BUILD: [00:0000000611:PROGC ] Starting COMPILE Pass.
BUILD: [00:0000000611:PROGC ] Analyzing project dependency information for pass COMPILE.
BUILD: [00:0000000621:PROGC ] Building COMPILE Pass in C:\wince800\platform\ebox3300\src\common\kitl\base\ directory.
BUILD: [01:0000000801:PROGC ] Error(s) in directory "C:\wince800\platform\ebox3300\src\common\kitl\base\".
BUILD: [01:0000000801:ERRORE] NMAKE : fatal error U1073: don't know how to make 'C:\wince800\platform\ebox3300\src\common\kitl\base\obj\x86\debug\kdioctl_x86.obj' {log="C:\WINCE800\platform\ebox3300\src\common\kitl\base\bldsys.log(31)"}
BUILD: [01:0000000821:ERRORE] TargetCompilePass  -nologo BUILDMSG=Stop.  BUILDROOT=C:\WINCE800\platform\ebox3300 NOLINK=1 NOPASS0=1 failed - rc = 2 {log="C:\WINCE800\platform\ebox3300\src\common\kitl\base\bldsys.log(32)"}
BUILD: [00:0000000831:PROGC ]                        Files  Warnings  Errors
BUILD: [00:0000000831:PROGC ] Midl                       0         0       0
BUILD: [00:0000000831:PROGC ] Message                    0         0       0
BUILD: [00:0000000831:PROGC ] Precomp Header             0         0       0
BUILD: [00:0000000831:PROGC ] Resource                   0         0       0
BUILD: [00:0000000831:PROGC ] XRPack                     0         0       0
BUILD: [00:0000000831:PROGC ] MASM                       0         0       0
BUILD: [00:0000000831:PROGC ] SHASM                      0         0       0
BUILD: [00:0000000831:PROGC ] ARMASM                     0         0       0
BUILD: [00:0000000831:PROGC ] C++                        0         0       0
BUILD: [00:0000000831:PROGC ] C                          0         0       0
BUILD: [00:0000000831:PROGC ] CheckLibs                  0         0       0
BUILD: [00:0000000831:PROGC ] Static Libraries           0         0       0
BUILD: [00:0000000831:PROGC ] Exe's                      0         0       0
BUILD: [00:0000000831:PROGC ] Dll's                      0         0       0
BUILD: [00:0000000831:PROGC ] Preprocess deffile         0         0       0
BUILD: [00:0000000831:PROGC ] Resx                       0         0       0
BUILD: [00:0000000831:PROGC ] CSharp Compile             0         0       0
BUILD: [00:0000000831:PROGC ] VCProj Compile             0         0       0
BUILD: [00:0000000831:PROGC ] NETCF Build                0         0       0
BUILD: [00:0000000831:PROGC ] Localization               0         0       0
BUILD: [00:0000000831:PROGC ] Other                      0         0       2
BUILD: [00:0000000831:PROGC ] 
BUILD: [00:0000000831:PROGC ] Total                      0         0       2
BUILD: [00:0000000831:PROGC ] 
BUILD: [00:0000000831:PROGC ] 0 Warnings,  2 Errors
BUILD: [00:0000000831:PROGC ] GetSystemTimes (seconds): Idle: 0     Kernel: 0     User: 0    
BUILD: [00:0000000831:PROGC ] Elapsed  time  (seconds): 0    
