BUILD: [Thread:SystemTickCount:Type  ] Message
BUILD: [00:0000000000:PROGC ] Build started with parameters: -c
BUILD: [00:0000000000:PROGC ] Build started in directory: C:\WINCE800\platform\ebox3300\src\drivers\R6040
BUILD: [00:0000000010:PROGC ] Running passes WCEFILES0, MIDL, MC, ASN, THUNK, RUN_WPP, XRPACK, PRECOMPHEADER, COMPILE, RENUMBERICONIDS, RES2RES, LIB, EXPLIB, LINK, LOCALIZE, MANAGEDRESX, MANAGEDMOD, MANAGEDDLL, MANAGEDEXE, MANAGEDWIN, POSTBUILD for x86.
BUILD: [00:0000000010:PROGC ] Ignoring build database (-c specified).
BUILD: [00:0000000010:PROGC ] Computing include file dependencies:
BUILD: [01:0000000040:PROGC ] Scan C:\wince800\platform\ebox3300\src\drivers\r6040\
BUILD: [00:0000001582:PROGC ] Directory scanning complete.
BUILD: [00:0000001582:PROGC ] Saving C:\wince800\platform\ebox3300\Buildx86retail.dat.
BUILD: [00:0000001602:PROGC ] Saving Master Database complete.
BUILD: [00:0000001612:PROGC ] Starting WCEFILES0 Pass.
BUILD: [00:0000001612:PROGC ] Analyzing project dependency information for pass WCEFILES0.
BUILD: [00:0000001612:PROGC ] Starting MIDL Pass.
BUILD: [00:0000001612:PROGC ] Analyzing project dependency information for pass MIDL.
BUILD: [00:0000001612:PROGC ] Starting MC Pass.
BUILD: [00:0000001612:PROGC ] Analyzing project dependency information for pass MC.
BUILD: [00:0000001612:PROGC ] Starting ASN Pass.
BUILD: [00:0000001612:PROGC ] Analyzing project dependency information for pass ASN.
BUILD: [00:0000001612:PROGC ] Starting THUNK Pass.
BUILD: [00:0000001612:PROGC ] Analyzing project dependency information for pass THUNK.
BUILD: [00:0000001612:PROGC ] Starting RUN_WPP Pass.
BUILD: [00:0000001612:PROGC ] Analyzing project dependency information for pass RUN_WPP.
BUILD: [00:0000001612:PROGC ] Starting XRPACK Pass.
BUILD: [00:0000001612:PROGC ] Analyzing project dependency information for pass XRPACK.
BUILD: [00:0000001612:PROGC ] Starting PRECOMPHEADER Pass.
BUILD: [00:0000001612:PROGC ] Analyzing project dependency information for pass PRECOMPHEADER.
BUILD: [00:0000001612:PROGC ] Starting COMPILE Pass.
BUILD: [00:0000001612:PROGC ] Analyzing project dependency information for pass COMPILE.
BUILD: [00:0000001652:PROGC ] Building COMPILE Pass in C:\wince800\platform\ebox3300\src\drivers\r6040\ directory.
BUILD: [01:0000002233:PROGC ] Compiling .\r6040interrup.c .\r6040card.c .\r6040.c
BUILD: [00:0000004446:PROGC ] Starting RENUMBERICONIDS Pass.
BUILD: [00:0000004446:PROGC ] Analyzing project dependency information for pass RENUMBERICONIDS.
BUILD: [00:0000004446:PROGC ] Starting RES2RES Pass.
BUILD: [00:0000004446:PROGC ] Analyzing project dependency information for pass RES2RES.
BUILD: [00:0000004446:PROGC ] Starting LIB Pass.
BUILD: [00:0000004446:PROGC ] Analyzing project dependency information for pass LIB.
BUILD: [00:0000004446:PROGC ] Starting EXPLIB Pass.
BUILD: [00:0000004446:PROGC ] Analyzing project dependency information for pass EXPLIB.
BUILD: [00:0000004456:PROGC ] Building EXPLIB Pass in C:\wince800\platform\ebox3300\src\drivers\r6040\ directory.
BUILD: [01:0000004817:PROGC ] Linking C:\WINCE800\OSDesigns\MyXAML1251\MyXAML1251\Wince800\EBOX3300_x86_Retail\cesysgen\platform\EBOX3300\lib\x86\retail\R6040.lib
BUILD: [00:0000005107:PROGC ] Starting LINK Pass.
BUILD: [00:0000005117:PROGC ] Analyzing project dependency information for pass LINK.
BUILD: [00:0000005878:PROGC ] Building LINK Pass in C:\wince800\platform\ebox3300\src\drivers\r6040\ directory.
BUILD: [01:0000006159:PROGC ] Linking C:\WINCE800\OSDesigns\MyXAML1251\MyXAML1251\Wince800\EBOX3300_x86_Retail\cesysgen\platform\EBOX3300\target\x86\retail\R6040.dll
BUILD: [00:0000006760:PROGC ] Starting LOCALIZE Pass.
BUILD: [00:0000006760:PROGC ] Analyzing project dependency information for pass LOCALIZE.
BUILD: [00:0000006760:PROGC ] Starting MANAGEDRESX Pass.
BUILD: [00:0000006760:PROGC ] Analyzing project dependency information for pass MANAGEDRESX.
BUILD: [00:0000006760:PROGC ] Starting MANAGEDMOD Pass.
BUILD: [00:0000006760:PROGC ] Analyzing project dependency information for pass MANAGEDMOD.
BUILD: [00:0000006760:PROGC ] Starting MANAGEDDLL Pass.
BUILD: [00:0000006760:PROGC ] Analyzing project dependency information for pass MANAGEDDLL.
BUILD: [00:0000006760:PROGC ] Starting MANAGEDEXE Pass.
BUILD: [00:0000006760:PROGC ] Analyzing project dependency information for pass MANAGEDEXE.
BUILD: [00:0000006760:PROGC ] Starting MANAGEDWIN Pass.
BUILD: [00:0000006760:PROGC ] Analyzing project dependency information for pass MANAGEDWIN.
BUILD: [00:0000006760:PROGC ] Starting POSTBUILD Pass.
BUILD: [00:0000006760:PROGC ] Analyzing project dependency information for pass POSTBUILD.
BUILD: [00:0000006770:PROGC ] Saving C:\wince800\platform\ebox3300\Buildx86retail.dat.
BUILD: [00:0000006800:PROGC ] Done.
BUILD: [00:0000006800:PROGC ]                        Files  Warnings  Errors
BUILD: [00:0000006800:PROGC ] Midl                       0         0       0
BUILD: [00:0000006800:PROGC ] Message                    0         0       0
BUILD: [00:0000006800:PROGC ] Precomp Header             0         0       0
BUILD: [00:0000006800:PROGC ] Resource                   0         0       0
BUILD: [00:0000006800:PROGC ] XRPack                     0         0       0
BUILD: [00:0000006800:PROGC ] MASM                       0         0       0
BUILD: [00:0000006800:PROGC ] SHASM                      0         0       0
BUILD: [00:0000006800:PROGC ] ARMASM                     0         0       0
BUILD: [00:0000006800:PROGC ] C++                        0         0       0
BUILD: [00:0000006800:PROGC ] C                          1         0       0
BUILD: [00:0000006800:PROGC ] CheckLibs                  0         0       0
BUILD: [00:0000006800:PROGC ] Static Libraries           0         0       0
BUILD: [00:0000006800:PROGC ] Exe's                      0         0       0
BUILD: [00:0000006800:PROGC ] Dll's                      2         0       0
BUILD: [00:0000006800:PROGC ] Preprocess deffile         0         0       0
BUILD: [00:0000006800:PROGC ] Resx                       0         0       0
BUILD: [00:0000006800:PROGC ] CSharp Compile             0         0       0
BUILD: [00:0000006800:PROGC ] VCProj Compile             0         0       0
BUILD: [00:0000006800:PROGC ] NETCF Build                0         0       0
BUILD: [00:0000006800:PROGC ] Localization               0         0       0
BUILD: [00:0000006800:PROGC ] Other                      0         0       0
BUILD: [00:0000006800:PROGC ] 
BUILD: [00:0000006800:PROGC ] Total                      3         0       0
BUILD: [00:0000006800:PROGC ] 
BUILD: [00:0000006800:PROGC ] 0 Warnings,  0 Errors
BUILD: [00:0000006800:PROGC ] GetSystemTimes (seconds): Idle: 0     Kernel: 3     User: 3    
BUILD: [00:0000006800:PROGC ] Elapsed  time  (seconds): 6    
Build for Windows CE (Release 800) (Built on Dec  8 2012 15:32:44)
File names: Build.log Build.wrn Build.err Buildx86retail.dat
