BUILD: [Thread:SystemTickCount:Type  ] Message
BUILD: [00:0000000000:PROGC ] Build started with parameters: -c
BUILD: [00:0000000000:PROGC ] Build started in directory: C:\WINCE800\platform\ebox3300\src\drivers\R6040
BUILD: [00:0000000000:PROG  ] Environment: ALLUSERSPROFILE=C:\ProgramData
BUILD: [00:0000000000:PROG  ] Environment: APPDATA=C:\Users\XPMUser\AppData\Roaming
BUILD: [00:0000000000:PROG  ] Environment: BSP_DISPLAY_XGI=1
BUILD: [00:0000000000:PROG  ] Environment: BSP_NIC_R6040=1
BUILD: [00:0000000000:PROG  ] Environment: BUILD_DEFAULT=-nmake -nologo
BUILD: [00:0000000000:PROG  ] Environment: BUILD_MULTIPROCESSOR=0
BUILD: [00:0000000000:PROG  ] Environment: CEBASE=1
BUILD: [00:0000000000:PROG  ] Environment: CommonProgramFiles=C:\Program Files\Common Files
BUILD: [00:0000000000:PROG  ] Environment: COMPUTERNAME=MYWIN7VM
BUILD: [00:0000000000:PROG  ] Environment: ComSpec=C:\Windows\system32\cmd.exe
BUILD: [00:0000000000:PROG  ] Environment: COPYCMD=/y
BUILD: [00:0000000000:PROG  ] Environment: DEFAULT_LOCALE=en-US
BUILD: [00:0000000000:PROG  ] Environment: FP_NO_HOST_CHECK=NO
BUILD: [00:0000000000:PROG  ] Environment: HOMEDRIVE=C:
BUILD: [00:0000000000:PROG  ] Environment: HOMEPATH=\Users\XPMUser
BUILD: [00:0000000000:PROG  ] Environment: IMG_SCREEN_MEDIUM=1
BUILD: [00:0000000000:PROG  ] Environment: IMG_XRST_THEME_0=1
BUILD: [00:0000000000:PROG  ] Environment: INSTALL_TYPE=WDS-USMT
BUILD: [00:0000000000:PROG  ] Environment: LOCALAPPDATA=C:\Users\XPMUser\AppData\Local
BUILD: [00:0000000000:PROG  ] Environment: LOCALE=0409
BUILD: [00:0000000000:PROG  ] Environment: LOGONSERVER=\\MYWIN7VM
BUILD: [00:0000000000:PROG  ] Environment: MSBuildLoadMicrosoftTargetsReadOnly=true
BUILD: [00:0000000000:PROG  ] Environment: NUMBER_OF_PROCESSORS=1
BUILD: [00:0000000000:PROG  ] Environment: OS=Windows_NT
BUILD: [00:0000000000:PROG  ] Environment: Path=C:\WINCE800\sdk\bin\i386\x86;C:\WINCE800\sdk\bin\i386;C:\WINCE800\sdk\bin\i386\x86;C:\WINCE800\public\common\oak\Bin\i386;C:\WINCE800\private\bin\i386;C:\WINCE800\private\bat;C:\WINCE800\public\common\oak\misc;C:\WINCE800\developr\XPMUser;C:\Program Files\Common Files\Microsoft Shared\Microsoft Online Services;C:\Windows\system32;C:\Windows;C:\Windows\System32\Wbem;C:\Windows\System32\WindowsPowerShell\v1.0\;C:\Program Files\Microsoft Application Virtualization Client;C:\Program Files\Microsoft\Web Platform Installer\;C:\Program Files\Microsoft ASP.NET\ASP.NET Web Pages\v1.0\;C:\Program Files\Windows Kits\8.0\Windows Performance Toolkit\;C:\Program Files\Microsoft SQL Server\110\Tools\Binn\;C:\Windows\system32;C:\Windows;C:\Program Files\Microsoft Platform Builder\8.00\cepb\ideVS
BUILD: [00:0000000000:PROG  ] Environment: PATHEXT=.COM;.EXE;.BAT;.CMD;.VBS;.VBE;.JS;.JSE;.WSF;.WSH;.MSC
BUILD: [00:0000000000:PROG  ] Environment: PBCONFIG=1588051169
BUILD: [00:0000000000:PROG  ] Environment: PBWORKSPACE=C:\WINCE800\OSDesigns\MyXAML1251\MyXAML1251\MyXAML1251.pbxml
BUILD: [00:0000000000:PROG  ] Environment: PBWORKSPACEROOT=C:\WINCE800\OSDesigns\MyXAML1251\MyXAML1251
BUILD: [00:0000000000:PROG  ] Environment: PkgDefApplicationConfigFile=C:\Users\XPMUser\AppData\Local\Microsoft\VisualStudio\11.0\devenv.exe.config
BUILD: [00:0000000000:PROG  ] Environment: PROCESSOR_ARCHITECTURE=x86
BUILD: [00:0000000000:PROG  ] Environment: PROCESSOR_IDENTIFIER=x86 Family 6 Model 23 Stepping 10, GenuineIntel
BUILD: [00:0000000000:PROG  ] Environment: PROCESSOR_LEVEL=6
BUILD: [00:0000000000:PROG  ] Environment: PROCESSOR_REVISION=170a
BUILD: [00:0000000000:PROG  ] Environment: ProgramData=C:\ProgramData
BUILD: [00:0000000000:PROG  ] Environment: ProgramFiles=C:\Program Files
BUILD: [00:0000000000:PROG  ] Environment: PROMPT=$P$G
BUILD: [00:0000000000:PROG  ] Environment: PSModulePath=C:\Windows\system32\WindowsPowerShell\v1.0\Modules\
BUILD: [00:0000000000:PROG  ] Environment: PUBLIC=C:\Users\Public
BUILD: [00:0000000000:PROG  ] Environment: SG_OUTPUT_ROOT=C:\WINCE800\OSDesigns\MyXAML1251\MyXAML1251\Wince800\EBOX3300_x86_Retail\cesysgen
BUILD: [00:0000000000:PROG  ] Environment: SYSGEN_CMD=1
BUILD: [00:0000000000:PROG  ] Environment: SYSGEN_CTLPNL2=1
BUILD: [00:0000000000:PROG  ] Environment: SYSGEN_DATETIMECPL=1
BUILD: [00:0000000000:PROG  ] Environment: SYSGEN_DISPLAYCPL=1
BUILD: [00:0000000000:PROG  ] Environment: SYSGEN_ETHERNETCPL=1
BUILD: [00:0000000000:PROG  ] Environment: SYSGEN_INPUTCPL=1
BUILD: [00:0000000000:PROG  ] Environment: SYSGEN_REGIONALCPL=1
BUILD: [00:0000000000:PROG  ] Environment: SYSGEN_SHELL=1
BUILD: [00:0000000000:PROG  ] Environment: SYSGEN_SNDSCHEMECPL=1
BUILD: [00:0000000000:PROG  ] Environment: SYSGEN_XAMLMSGBOX=1
BUILD: [00:0000000000:PROG  ] Environment: SYSGEN_XRSHELL=1
BUILD: [00:0000000000:PROG  ] Environment: SystemDrive=C:
BUILD: [00:0000000000:PROG  ] Environment: SystemRoot=C:\Windows
BUILD: [00:0000000000:PROG  ] Environment: TEMP=C:\Temp
BUILD: [00:0000000000:PROG  ] Environment: TMP=C:\Temp
BUILD: [00:0000000000:PROG  ] Environment: USERDOMAIN=MyWin7VM
BUILD: [00:0000000000:PROG  ] Environment: USERNAME=XPMUser
BUILD: [00:0000000000:PROG  ] Environment: USERPROFILE=C:\Users\XPMUser
BUILD: [00:0000000000:PROG  ] Environment: USING_PB_WORKSPACE_ENVIRONMENT=1
BUILD: [00:0000000000:PROG  ] Environment: VCBUILD_LOCATION=C:\Program Files\Microsoft Visual Studio 11.0\VC
BUILD: [00:0000000000:PROG  ] Environment: VisualStudioDir=C:\Users\XPMUser\Documents\Visual Studio 2012
BUILD: [00:0000000000:PROG  ] Environment: VisualStudioEdition=Microsoft Visual Studio Professional 2012
BUILD: [00:0000000000:PROG  ] Environment: VisualStudioVersion=11.0
BUILD: [00:0000000000:PROG  ] Environment: VS110COMNTOOLS=C:\Program Files\Microsoft Visual Studio 11.0\Common7\Tools\
BUILD: [00:0000000000:PROG  ] Environment: VSLANG=1033
BUILD: [00:0000000000:PROG  ] Environment: WECSDK=Veloce
BUILD: [00:0000000000:PROG  ] Environment: WINCEDEBUG=retail
BUILD: [00:0000000000:PROG  ] Environment: WINCEMAP=1
BUILD: [00:0000000000:PROG  ] Environment: WINCEREL=1
BUILD: [00:0000000000:PROG  ] Environment: windir=C:\Windows
BUILD: [00:0000000000:PROG  ] Environment: windows_tracing_flags=3
BUILD: [00:0000000000:PROG  ] Environment: windows_tracing_logfile=C:\BVTBin\Tests\installpackage\csilogfile.log
BUILD: [00:0000000000:PROG  ] Environment: _BUILDOUTPUTFILTER_RUNNING=1
BUILD: [00:0000000000:PROG  ] Environment: _DEPTREES=winceos dcom wgi html netcf servers cellcore ossvcs shell directx ostest CEBASE
BUILD: [00:0000000000:PROG  ] Environment: _DOTNET20ROOT=C:\Windows\Microsoft.NET\Framework\v2.0.50727
BUILD: [00:0000000000:PROG  ] Environment: _DOTNET20SP2INSTALLED=1
BUILD: [00:0000000000:PROG  ] Environment: _DOTNET30ROOT=C:\Windows\Microsoft.NET\Framework\v3.0
BUILD: [00:0000000000:PROG  ] Environment: _DOTNET30SP2INSTALLED=1
BUILD: [00:0000000000:PROG  ] Environment: _DOTNET35ROOT=C:\Windows\Microsoft.NET\Framework\v3.5
BUILD: [00:0000000000:PROG  ] Environment: _DOTNET35SP1INSTALLED=1
BUILD: [00:0000000000:PROG  ] Environment: _DOTNET40ROOT=C:\Windows\Microsoft.NET\Framework\v4.0.30319
BUILD: [00:0000000000:PROG  ] Environment: _DOTNET45INSTALLED=1
BUILD: [00:0000000000:PROG  ] Environment: _DOTNETSDKROOT=C:\Windows\Microsoft.NET\Framework\v4.0.30319\
BUILD: [00:0000000000:PROG  ] Environment: _FLATRELEASEDIR=C:\WINCE800\OSDesigns\MyXAML1251\MyXAML1251\RelDir\EBOX3300_x86_Release
BUILD: [00:0000000000:PROG  ] Environment: _HOSTCPUTYPE=i386
BUILD: [00:0000000000:PROG  ] Environment: _MAJORVERSION=8
BUILD: [00:0000000000:PROG  ] Environment: _MAKEENVROOT=C:\WINCE800\public\common\oak\misc
BUILD: [00:0000000000:PROG  ] Environment: _MINORVERSION=00
BUILD: [00:0000000000:PROG  ] Environment: _OSDESIGNDDKROOT=C:\WINCE800\OSDesigns\MyXAML1251\MyXAML1251\Wince800\EBOX3300_x86_Retail\ddk
BUILD: [00:0000000000:PROG  ] Environment: _OSDESIGNOAKROOT=C:\WINCE800\OSDesigns\MyXAML1251\MyXAML1251\Wince800\EBOX3300_x86_Retail\oak
BUILD: [00:0000000000:PROG  ] Environment: _OSDESIGNROOT=C:\WINCE800\OSDesigns\MyXAML1251\MyXAML1251
BUILD: [00:0000000000:PROG  ] Environment: _OSDESIGNSDKROOT=C:\WINCE800\OSDesigns\MyXAML1251\MyXAML1251\Wince800\EBOX3300_x86_Retail\sdk
BUILD: [00:0000000000:PROG  ] Environment: _PB_INSTALL_ROOT=C:\PROGRA~1\MIFAB2~1\8.00
BUILD: [00:0000000000:PROG  ] Environment: _PLATFORMDRIVE=C:
BUILD: [00:0000000000:PROG  ] Environment: _PLATFORMROOT=C:\WINCE800\platform
BUILD: [00:0000000010:PROG  ] Environment: _PREWINCEPATH=C:\Program Files\Common Files\Microsoft Shared\Microsoft Online Services;C:\Windows\system32;C:\Windows;C:\Windows\System32\Wbem;C:\Windows\System32\WindowsPowerShell\v1.0\;C:\Program Files\Microsoft Application Virtualization Client;C:\Program Files\Microsoft\Web Platform Installer\;C:\Program Files\Microsoft ASP.NET\ASP.NET Web Pages\v1.0\;C:\Program Files\Windows Kits\8.0\Windows Performance Toolkit\;C:\Program Files\Microsoft SQL Server\110\Tools\Binn\
BUILD: [00:0000000010:PROG  ] Environment: _PRIVATEDRIVE=C:
BUILD: [00:0000000010:PROG  ] Environment: _PRIVATEROOT=C:\WINCE800\private
BUILD: [00:0000000010:PROG  ] Environment: _PROJECTDDKROOT=C:\WINCE800\public\CEBASE\ddk
BUILD: [00:0000000010:PROG  ] Environment: _PROJECTOAKROOT=C:\WINCE800\public\CEBASE\oak
BUILD: [00:0000000010:PROG  ] Environment: _PROJECTROOT=C:\WINCE800\public\CEBASE
BUILD: [00:0000000010:PROG  ] Environment: _PROJECTSDKROOT=C:\WINCE800\public\CEBASE\sdk
BUILD: [00:0000000010:PROG  ] Environment: _PROJPUBLICROOT=C:\WINCE800\OSDesigns\MyXAML1251\MyXAML1251\WINCE800\PUBLIC
BUILD: [00:0000000010:PROG  ] Environment: _PUBLICDRIVE=C:
BUILD: [00:0000000010:PROG  ] Environment: _PUBLICROOT=C:\WINCE800\public
BUILD: [00:0000000010:PROG  ] Environment: _SDKDRIVE=C:
BUILD: [00:0000000010:PROG  ] Environment: _SDKROOT=C:\WINCE800\sdk
BUILD: [00:0000000010:PROG  ] Environment: _TARGETPLATROOT=C:\WINCE800\platform\EBOX3300
BUILD: [00:0000000010:PROG  ] Environment: _TGTCPU=x86
BUILD: [00:0000000010:PROG  ] Environment: _TGTCPUFAMILY=x86
BUILD: [00:0000000010:PROG  ] Environment: _TGTOS=CE
BUILD: [00:0000000010:PROG  ] Environment: _TGTPLAT=EBOX3300
BUILD: [00:0000000010:PROG  ] Environment: _TGTPROJ=CEBASE
BUILD: [00:0000000010:PROG  ] Environment: _TOOLSSDKDRIVE=C:
BUILD: [00:0000000010:PROG  ] Environment: _TOOLSSDKROOT=C:\WINCE800\tools\public\ext
BUILD: [00:0000000010:PROG  ] Environment: _WINCECALLED=1
BUILD: [00:0000000010:PROG  ] Environment: _WINCEDRIVE=C:
BUILD: [00:0000000010:PROG  ] Environment: _WINCEOSVER=800
BUILD: [00:0000000010:PROG  ] Environment: _WINCEROOT=C:\WINCE800
BUILD: [00:0000000010:PROGC ] Running passes WCEFILES0, MIDL, MC, ASN, THUNK, RUN_WPP, XRPACK, PRECOMPHEADER, COMPILE, RENUMBERICONIDS, RES2RES, LIB, EXPLIB, LINK, LOCALIZE, MANAGEDRESX, MANAGEDMOD, MANAGEDDLL, MANAGEDEXE, MANAGEDWIN, POSTBUILD for x86.
BUILD: [00:0000000010:PROGC ] Ignoring build database (-c specified).
BUILD: [00:0000000010:PROGC ] Computing include file dependencies:
BUILD: [00:0000000040:PROG  ] Waiting for 1 worker threads.
BUILD: [01:0000000040:PROGC ] Scan C:\wince800\platform\ebox3300\src\drivers\r6040\
BUILD: [00:0000001582:PROGC ] Directory scanning complete.
BUILD: [00:0000001582:PROGC ] Saving C:\wince800\platform\ebox3300\Buildx86retail.dat.
BUILD: [00:0000001602:INFO  ] Done.
BUILD: [00:0000001602:PROGC ] Saving Master Database complete.
BUILD: [00:0000001612:PROGC ] Starting WCEFILES0 Pass.
BUILD: [00:0000001612:PROGC ] Analyzing project dependency information for pass WCEFILES0.
BUILD: [00:0000001612:PROGC ] Starting MIDL Pass.
BUILD: [00:0000001612:PROGC ] Analyzing project dependency information for pass MIDL.
BUILD: [00:0000001612:PROGC ] Starting MC Pass.
BUILD: [00:0000001612:PROGC ] Analyzing project dependency information for pass MC.
BUILD: [00:0000001612:PROGC ] Starting ASN Pass.
BUILD: [00:0000001612:PROGC ] Analyzing project dependency information for pass ASN.
BUILD: [00:0000001612:PROGC ] Starting THUNK Pass.
BUILD: [00:0000001612:PROGC ] Analyzing project dependency information for pass THUNK.
BUILD: [00:0000001612:PROGC ] Starting RUN_WPP Pass.
BUILD: [00:0000001612:PROGC ] Analyzing project dependency information for pass RUN_WPP.
BUILD: [00:0000001612:PROGC ] Starting XRPACK Pass.
BUILD: [00:0000001612:PROGC ] Analyzing project dependency information for pass XRPACK.
BUILD: [00:0000001612:PROGC ] Starting PRECOMPHEADER Pass.
BUILD: [00:0000001612:PROGC ] Analyzing project dependency information for pass PRECOMPHEADER.
BUILD: [00:0000001612:PROGC ] Starting COMPILE Pass.
BUILD: [00:0000001612:PROGC ] Analyzing project dependency information for pass COMPILE.
BUILD: [00:0000001612:INFO  ] Will Build C:\wince800\platform\ebox3300\src\drivers\r6040\r6040interrup.c because target: C:\wince800\platform\ebox3300\src\drivers\r6040\obj\x86\retail\r6040interrup.obj is missing.
BUILD: [00:0000001622:INFO  ] Will Build C:\wince800\platform\ebox3300\src\drivers\r6040\r6040card.c because target: C:\wince800\platform\ebox3300\src\drivers\r6040\obj\x86\retail\r6040card.obj is missing.
BUILD: [00:0000001622:INFO  ] Will Build C:\wince800\platform\ebox3300\src\drivers\r6040\r6040.c because target: C:\wince800\platform\ebox3300\src\drivers\r6040\obj\x86\retail\r6040.obj is missing.
BUILD: [00:0000001652:PROGC ] Building COMPILE Pass in C:\wince800\platform\ebox3300\src\drivers\r6040\ directory.
BUILD: [00:0000001662:PROG  ] 'NMAKE.EXE  clean TargetCompilePass  -nologo BUILDMSG=Stop.  BUILDROOT=C:\WINCE800\platform\ebox3300 CLEANBUILD=1 NOLINK=1 NOPASS0=1'
BUILD: [01:0000001732:INFO  ] makefile.def: Including C:\WINCE800\public\common\oak\misc\Sources.default
BUILD: [01:0000001732:INFO  ] makefile.def: BUILDROOT is C:\WINCE800\platform\ebox3300
BUILD: [01:0000001732:INFO  ] makefile.def: Including C:\WINCE800\platform\ebox3300\sources.cmn
BUILD: [01:0000001812:INFO  ] makefile.def: Including C:\wince800\platform\ebox3300\src\drivers\r6040\sources
BUILD: [01:0000001812:INFO  ] makefile.def: Including C:\WINCE800\public\common\oak\misc\Sources.CE
BUILD: [01:0000001822:INFO  ] Directory: C:\wince800\platform\ebox3300\src\drivers\r6040
BUILD: [01:0000001822:INFO  ] TARGETNAME: R6040
BUILD: [01:0000001822:INFO  ] makefile.def: Including C:\WINCE800\public\common\oak\misc\sources.ReleaseType_PLATFORM
BUILD: [01:0000002213:INFO  ] Stop.
BUILD: [01:0000002233:PROGC ] Compiling .\r6040interrup.c .\r6040card.c .\r6040.c
BUILD: [01:0000002293:INFO  ] cl.exe -nologo   -FoC:\wince800\platform\ebox3300\src\drivers\r6040\obj\x86\retail\  /Gy -c -I. -IC:\WINCE800\platform\EBOX3300\src\inc -IC:\WINCE800\platform\common\src\soc\x86_ms_v1\inc -IC:\WINCE800\platform\common\src\x86\inc -IC:\WINCE800\platform\common\src\inc -IC:\WINCE800\public\common\sdk\inc -IC:\WINCE800\public\common\oak\inc -IC:\WINCE800\public\common\ddk\inc -IC:\WINCE800\public\common\sdk\inc\cestl -IC:\WINCE800\public\common\sdk\inc\crt -I.\Resource\0409 -Ox -Os -Oy- -GF -Zi -d2Zi+ -FdC:\wince800\platform\ebox3300\src\drivers\r6040\obj\x86\retail\R6040.pdb -D_CRT_SECURE_NO_DEPRECATE -D_USE_32BIT_TIME_T -DUNICODE -D_UNICODE -DUNDER_CE=800 -D_WIN32_WCE=0x0800 -DWINCEOEM -DWINCEINTERNAL -DWIN32 -DSTRICT -Dx86 -D_X86_ -D_MIDL_USE_GUIDDEF_ -DNDEBUG=1  -DNDIS_MINIPORT_DRIVER -DNDIS51_MINIPORT=1 -DR6040DBG=1 -DINTERNATIONAL -DINTLMSG_CODEPAGE=1252 -WX /arch:IA32 -wd4007 -Zc:wchar_t- -Zc:forScope- -wd4867 -wd4430 -wd4603 -wd4627 -wd4100 -wd4201 -wd4115 -wd4214 -wd4049 -wd4505 -MT -U_MT /FC -W3     /GR- .\r6040interrup.c .\r6040card.c .\r6040.c 
BUILD: [01:0000002443:INFO  ] r6040interrup.c
BUILD: [01:0000003325:INFO  ] r6040card.c
BUILD: [01:0000003735:INFO  ] NDIS_PAGEABLE_FUNCTION Ignored
BUILD: [01:0000003735:INFO  ] NDIS_PAGEABLE_FUNCTION Ignored
BUILD: [01:0000003765:INFO  ] r6040.c
BUILD: [01:0000004066:INFO  ] NDIS_INIT_FUNCTION Ignored
BUILD: [01:0000004076:INFO  ] NDIS_PAGEABLE_FUNCTION Ignored
BUILD: [01:0000004086:INFO  ] NDIS_PAGEABLE_FUNCTION Ignored
BUILD: [01:0000004126:INFO  ] Generating Code...
BUILD: [00:0000004446:PROG  ] Consumed disk space: 8192 bytes.
BUILD: [00:0000004446:PROGC ] Starting RENUMBERICONIDS Pass.
BUILD: [00:0000004446:PROGC ] Analyzing project dependency information for pass RENUMBERICONIDS.
BUILD: [00:0000004446:PROGC ] Starting RES2RES Pass.
BUILD: [00:0000004446:PROGC ] Analyzing project dependency information for pass RES2RES.
BUILD: [00:0000004446:PROGC ] Starting LIB Pass.
BUILD: [00:0000004446:PROGC ] Analyzing project dependency information for pass LIB.
BUILD: [00:0000004446:PROGC ] Starting EXPLIB Pass.
BUILD: [00:0000004446:PROGC ] Analyzing project dependency information for pass EXPLIB.
BUILD: [00:0000004456:INFO  ] Will Build C:\wince800\platform\ebox3300\src\drivers\r6040\obj\x86\retail\r6040interrup.obj because target: C:\WINCE800\OSDesigns\MyXAML1251\MyXAML1251\Wince800\EBOX3300_x86_Retail\cesysgen\platform\EBOX3300\lib\x86\retail\R6040.lib is missing.
BUILD: [00:0000004456:INFO  ] Will Build C:\wince800\platform\ebox3300\src\drivers\r6040\obj\x86\retail\r6040card.obj because target: C:\WINCE800\OSDesigns\MyXAML1251\MyXAML1251\Wince800\EBOX3300_x86_Retail\cesysgen\platform\EBOX3300\lib\x86\retail\R6040.lib is missing.
BUILD: [00:0000004456:INFO  ] Will Build C:\wince800\platform\ebox3300\src\drivers\r6040\obj\x86\retail\r6040.obj because target: C:\WINCE800\OSDesigns\MyXAML1251\MyXAML1251\Wince800\EBOX3300_x86_Retail\cesysgen\platform\EBOX3300\lib\x86\retail\R6040.lib is missing.
BUILD: [00:0000004456:INFO  ] Will Build C:\wince800\platform\ebox3300\src\drivers\r6040\ because target: C:\WINCE800\OSDesigns\MyXAML1251\MyXAML1251\Wince800\EBOX3300_x86_Retail\cesysgen\platform\EBOX3300\lib\x86\retail\R6040.lib is missing.
BUILD: [00:0000004456:PROGC ] Building EXPLIB Pass in C:\wince800\platform\ebox3300\src\drivers\r6040\ directory.
BUILD: [00:0000004466:PROG  ] 'NMAKE.EXE TargetExpLibFiles  -nologo BUILDMSG=Stop.  BUILDROOT=C:\WINCE800\platform\ebox3300 CLEANBUILD=1 LINKONLY=1 NOPASS0=1'
BUILD: [01:0000004536:INFO  ] makefile.def: Including C:\WINCE800\public\common\oak\misc\Sources.default
BUILD: [01:0000004546:INFO  ] makefile.def: BUILDROOT is C:\WINCE800\platform\ebox3300
BUILD: [01:0000004546:INFO  ] makefile.def: Including C:\WINCE800\platform\ebox3300\sources.cmn
BUILD: [01:0000004687:INFO  ] makefile.def: Including C:\wince800\platform\ebox3300\src\drivers\r6040\sources
BUILD: [01:0000004707:INFO  ] makefile.def: Including C:\WINCE800\public\common\oak\misc\Sources.CE
BUILD: [01:0000004707:INFO  ] Directory: C:\wince800\platform\ebox3300\src\drivers\r6040
BUILD: [01:0000004707:INFO  ] TARGETNAME: R6040
BUILD: [01:0000004717:INFO  ] makefile.def: Including C:\WINCE800\public\common\oak\misc\sources.ReleaseType_PLATFORM
BUILD: [01:0000004797:INFO  ] .
BUILD: [01:0000004817:PROGC ] Linking C:\WINCE800\OSDesigns\MyXAML1251\MyXAML1251\Wince800\EBOX3300_x86_Retail\cesysgen\platform\EBOX3300\lib\x86\retail\R6040.lib
BUILD: [01:0000004847:INFO  ] 	link.exe -lib  -out:C:\WINCE800\OSDesigns\MyXAML1251\MyXAML1251\Wince800\EBOX3300_x86_Retail\cesysgen\platform\EBOX3300\lib\x86\retail\R6040.lib -def:R6040.def -machine:x86 @C:\Temp\nmFDAB.tmp
BUILD: [01:0000004897:INFO  ] Microsoft (R) Library Manager Version 11.00.50907.0
BUILD: [01:0000004897:INFO  ] Copyright (C) Microsoft Corporation.  All rights reserved.
BUILD: [01:0000004897:INFO  ] 
BUILD: [01:0000004897:INFO  ] -nodefaultlib 
BUILD: [01:0000004897:INFO  ] -ignore:4001 
BUILD: [01:0000004897:INFO  ] /subsystem:windowsce,8.00 
BUILD: [01:0000004897:INFO  ] C:\wince800\platform\ebox3300\src\drivers\r6040\obj\x86\retail\r6040interrup.obj 
BUILD: [01:0000004897:INFO  ] C:\wince800\platform\ebox3300\src\drivers\r6040\obj\x86\retail\r6040card.obj 
BUILD: [01:0000004897:INFO  ] C:\wince800\platform\ebox3300\src\drivers\r6040\obj\x86\retail\r6040.obj 
BUILD: [01:0000004907:INFO  ]    Creating library C:\WINCE800\OSDesigns\MyXAML1251\MyXAML1251\Wince800\EBOX3300_x86_Retail\cesysgen\platform\EBOX3300\lib\x86\retail\R6040.lib and object C:\WINCE800\OSDesigns\MyXAML1251\MyXAML1251\Wince800\EBOX3300_x86_Retail\cesysgen\platform\EBOX3300\lib\x86\retail\R6040.exp
BUILD: [00:0000005087:PROG  ] Consumed disk space: 16384 bytes.
BUILD: [00:0000005107:PROGC ] Starting LINK Pass.
BUILD: [00:0000005117:PROGC ] Analyzing project dependency information for pass LINK.
BUILD: [00:0000005878:INFO  ] Will Build C:\wince800\platform\ebox3300\src\drivers\r6040\r6040.def because target: C:\WINCE800\OSDesigns\MyXAML1251\MyXAML1251\Wince800\EBOX3300_x86_Retail\cesysgen\platform\EBOX3300\target\x86\retail\R6040.dll is missing.
BUILD: [00:0000005878:INFO  ] Will Build C:\wince800\osdesigns\myxaml1251\myxaml1251\wince800\ebox3300_x86_retail\cesysgen\sdk\lib\x86\retail\ndis.lib because target: C:\WINCE800\OSDesigns\MyXAML1251\MyXAML1251\Wince800\EBOX3300_x86_Retail\cesysgen\platform\EBOX3300\target\x86\retail\R6040.dll is missing.
BUILD: [00:0000005878:INFO  ] Will Build C:\wince800\osdesigns\myxaml1251\myxaml1251\wince800\ebox3300_x86_retail\cesysgen\sdk\lib\x86\retail\coredll.lib because target: C:\WINCE800\OSDesigns\MyXAML1251\MyXAML1251\Wince800\EBOX3300_x86_Retail\cesysgen\platform\EBOX3300\target\x86\retail\R6040.dll is missing.
BUILD: [00:0000005878:INFO  ] Will Build C:\wince800\osdesigns\myxaml1251\myxaml1251\wince800\ebox3300_x86_retail\cesysgen\oak\lib\x86\retail\ceddk.lib because target: C:\WINCE800\OSDesigns\MyXAML1251\MyXAML1251\Wince800\EBOX3300_x86_Retail\cesysgen\platform\EBOX3300\target\x86\retail\R6040.dll is missing.
BUILD: [00:0000005878:INFO  ] Will Build C:\wince800\osdesigns\myxaml1251\myxaml1251\wince800\ebox3300_x86_retail\cesysgen\oak\lib\x86\retail\ccrt0.lib because target: C:\WINCE800\OSDesigns\MyXAML1251\MyXAML1251\Wince800\EBOX3300_x86_Retail\cesysgen\platform\EBOX3300\target\x86\retail\R6040.dll is missing.
BUILD: [00:0000005878:INFO  ] Will Build C:\wince800\osdesigns\myxaml1251\myxaml1251\wince800\ebox3300_x86_retail\cesysgen\oak\lib\x86\retail\msvcrt.lib because target: C:\WINCE800\OSDesigns\MyXAML1251\MyXAML1251\Wince800\EBOX3300_x86_Retail\cesysgen\platform\EBOX3300\target\x86\retail\R6040.dll is missing.
BUILD: [00:0000005878:INFO  ] Will Build C:\wince800\platform\ebox3300\src\drivers\r6040\obj\x86\retail\r6040interrup.obj because target: C:\WINCE800\OSDesigns\MyXAML1251\MyXAML1251\Wince800\EBOX3300_x86_Retail\cesysgen\platform\EBOX3300\target\x86\retail\R6040.dll is missing.
BUILD: [00:0000005878:INFO  ] Will Build C:\wince800\platform\ebox3300\src\drivers\r6040\obj\x86\retail\r6040card.obj because target: C:\WINCE800\OSDesigns\MyXAML1251\MyXAML1251\Wince800\EBOX3300_x86_Retail\cesysgen\platform\EBOX3300\target\x86\retail\R6040.dll is missing.
BUILD: [00:0000005878:INFO  ] Will Build C:\wince800\platform\ebox3300\src\drivers\r6040\obj\x86\retail\r6040.obj because target: C:\WINCE800\OSDesigns\MyXAML1251\MyXAML1251\Wince800\EBOX3300_x86_Retail\cesysgen\platform\EBOX3300\target\x86\retail\R6040.dll is missing.
BUILD: [00:0000005878:INFO  ] Will Build C:\wince800\platform\ebox3300\src\drivers\r6040\ because target: C:\WINCE800\OSDesigns\MyXAML1251\MyXAML1251\Wince800\EBOX3300_x86_Retail\cesysgen\platform\EBOX3300\target\x86\retail\R6040.dll is missing.
BUILD: [00:0000005878:PROGC ] Building LINK Pass in C:\wince800\platform\ebox3300\src\drivers\r6040\ directory.
BUILD: [00:0000005888:PROG  ] 'NMAKE.EXE TargetExeFiles  -nologo BUILDMSG=Stop.  BUILDROOT=C:\WINCE800\platform\ebox3300 CLEANBUILD=1 LINKONLY=1 NOPASS0=1MAKEDLL=1'
BUILD: [01:0000005938:INFO  ] makefile.def: Including C:\WINCE800\public\common\oak\misc\Sources.default
BUILD: [01:0000005948:INFO  ] makefile.def: BUILDROOT is C:\WINCE800\platform\ebox3300
BUILD: [01:0000005948:INFO  ] makefile.def: Including C:\WINCE800\platform\ebox3300\sources.cmn
BUILD: [01:0000005978:INFO  ] makefile.def: Including C:\wince800\platform\ebox3300\src\drivers\r6040\sources
BUILD: [01:0000005978:INFO  ] makefile.def: Including C:\WINCE800\public\common\oak\misc\Sources.CE
BUILD: [01:0000005988:INFO  ] Directory: C:\wince800\platform\ebox3300\src\drivers\r6040
BUILD: [01:0000005988:INFO  ] TARGETNAME: R6040
BUILD: [01:0000005988:INFO  ] makefile.def: Including C:\WINCE800\public\common\oak\misc\sources.ReleaseType_PLATFORM
BUILD: [01:0000006059:INFO  ] .
BUILD: [01:0000006079:INFO  ] 	set LIB=
BUILD: [01:0000006159:PROGC ] Linking C:\WINCE800\OSDesigns\MyXAML1251\MyXAML1251\Wince800\EBOX3300_x86_Retail\cesysgen\platform\EBOX3300\target\x86\retail\R6040.dll
BUILD: [01:0000006219:INFO  ] 	link.exe /LARGEADDRESSAWARE /filealign:0x1000 -out:C:\WINCE800\OSDesigns\MyXAML1251\MyXAML1251\Wince800\EBOX3300_x86_Retail\cesysgen\platform\EBOX3300\target\x86\retail\R6040.dll -dll -machine:x86 @C:\Temp\nm2F3.tmp
BUILD: [01:0000006289:INFO  ] Microsoft (R) Incremental Linker Version 11.00.50907.0
BUILD: [01:0000006289:INFO  ] Copyright (C) Microsoft Corporation.  All rights reserved.
BUILD: [01:0000006289:INFO  ] 
BUILD: [01:0000006289:INFO  ] -nodefaultlib 
BUILD: [01:0000006289:INFO  ] -entry:DllEntry 
BUILD: [01:0000006289:INFO  ] -pdb:C:\WINCE800\OSDesigns\MyXAML1251\MyXAML1251\Wince800\EBOX3300_x86_Retail\cesysgen\platform\EBOX3300\target\x86\retail\R6040.pdb 
BUILD: [01:0000006289:INFO  ] -pdbaltpath:R6040.pdb 
BUILD: [01:0000006289:INFO  ] /opt:ref,icf 
BUILD: [01:0000006289:INFO  ] -debug -incremental:no -debugtype:cv,fixup,PDATA -novcfeature 
BUILD: [01:0000006289:INFO  ] /safeseh 
BUILD: [01:0000006289:INFO  ] -map:C:\WINCE800\OSDesigns\MyXAML1251\MyXAML1251\Wince800\EBOX3300_x86_Retail\cesysgen\platform\EBOX3300\target\x86\retail\R6040.map 
BUILD: [01:0000006289:INFO  ] -savebaserelocations:C:\WINCE800\OSDesigns\MyXAML1251\MyXAML1251\Wince800\EBOX3300_x86_Retail\cesysgen\platform\EBOX3300\target\x86\retail\R6040.rel 
BUILD: [01:0000006289:INFO  ] -MERGE:.rdata=.text -ignore:4001,4070,4078,4086,4089,4096,4099,4108,4229 /STACK:65536,4096 
BUILD: [01:0000006289:INFO  ] /subsystem:windowsce,8.00 
BUILD: [01:0000006289:INFO  ] /base:0x10000000 
BUILD: [01:0000006289:INFO  ] C:\wince800\platform\ebox3300\src\drivers\r6040\obj\x86\retail\r6040interrup.obj 
BUILD: [01:0000006289:INFO  ] C:\wince800\platform\ebox3300\src\drivers\r6040\obj\x86\retail\r6040card.obj 
BUILD: [01:0000006289:INFO  ] C:\wince800\platform\ebox3300\src\drivers\r6040\obj\x86\retail\r6040.obj 
BUILD: [01:0000006289:INFO  ] C:\WINCE800\OSDesigns\MyXAML1251\MyXAML1251\Wince800\EBOX3300_x86_Retail\cesysgen\sdk\lib\x86\retail\ndis.lib 
BUILD: [01:0000006289:INFO  ] C:\WINCE800\OSDesigns\MyXAML1251\MyXAML1251\Wince800\EBOX3300_x86_Retail\cesysgen\sdk\lib\x86\retail\coredll.lib 
BUILD: [01:0000006289:INFO  ] C:\WINCE800\OSDesigns\MyXAML1251\MyXAML1251\Wince800\EBOX3300_x86_Retail\cesysgen\oak\lib\x86\retail\ceddk.lib 
BUILD: [01:0000006289:INFO  ] C:\WINCE800\OSDesigns\MyXAML1251\MyXAML1251\Wince800\EBOX3300_x86_Retail\cesysgen\oak\lib\x86\retail\ccrt0.lib 
BUILD: [01:0000006289:INFO  ] C:\WINCE800\OSDesigns\MyXAML1251\MyXAML1251\Wince800\EBOX3300_x86_Retail\cesysgen\oak\lib\x86\retail\msvcrt.lib 
BUILD: [01:0000006289:INFO  ] C:\WINCE800\OSDesigns\MyXAML1251\MyXAML1251\Wince800\EBOX3300_x86_Retail\cesysgen\platform\EBOX3300\lib\x86\retail\R6040.exp 
BUILD: [01:0000006579:INFO  ] 	C:\Windows\system32\cmd.exe /c md C:\WINCE800\OSDesigns\MyXAML1251\MyXAML1251\RelDir\EBOX3300_x86_Release
BUILD: [01:0000006599:INFO  ] A subdirectory or file C:\WINCE800\OSDesigns\MyXAML1251\MyXAML1251\RelDir\EBOX3300_x86_Release already exists.
BUILD: [01:0000006609:INFO  ] 	C:\Windows\system32\cmd.exe /c copy C:\WINCE800\OSDesigns\MyXAML1251\MyXAML1251\Wince800\EBOX3300_x86_Retail\cesysgen\platform\EBOX3300\target\x86\retail\R6040.map C:\WINCE800\OSDesigns\MyXAML1251\MyXAML1251\RelDir\EBOX3300_x86_Release\R6040.map
BUILD: [01:0000006639:INFO  ]         1 file(s) copied.
BUILD: [01:0000006639:INFO  ] 	C:\Windows\system32\cmd.exe /c if exist C:\WINCE800\OSDesigns\MyXAML1251\MyXAML1251\Wince800\EBOX3300_x86_Retail\cesysgen\platform\EBOX3300\target\x86\retail\R6040.pdb copy C:\WINCE800\OSDesigns\MyXAML1251\MyXAML1251\Wince800\EBOX3300_x86_Retail\cesysgen\platform\EBOX3300\target\x86\retail\R6040.pdb C:\WINCE800\OSDesigns\MyXAML1251\MyXAML1251\RelDir\EBOX3300_x86_Release
BUILD: [01:0000006659:INFO  ]         1 file(s) copied.
BUILD: [01:0000006669:INFO  ] 	C:\Windows\system32\cmd.exe /c if exist C:\WINCE800\OSDesigns\MyXAML1251\MyXAML1251\Wince800\EBOX3300_x86_Retail\cesysgen\platform\EBOX3300\target\x86\retail\R6040.rel copy C:\WINCE800\OSDesigns\MyXAML1251\MyXAML1251\Wince800\EBOX3300_x86_Retail\cesysgen\platform\EBOX3300\target\x86\retail\R6040.rel C:\WINCE800\OSDesigns\MyXAML1251\MyXAML1251\RelDir\EBOX3300_x86_Release\R6040.rel
BUILD: [01:0000006689:INFO  ]         1 file(s) copied.
BUILD: [01:0000006699:INFO  ] 	C:\Windows\system32\cmd.exe /c if exist C:\WINCE800\OSDesigns\MyXAML1251\MyXAML1251\Wince800\EBOX3300_x86_Retail\cesysgen\platform\EBOX3300\target\x86\retail\R6040.res copy C:\WINCE800\OSDesigns\MyXAML1251\MyXAML1251\Wince800\EBOX3300_x86_Retail\cesysgen\platform\EBOX3300\target\x86\retail\R6040.res C:\WINCE800\OSDesigns\MyXAML1251\MyXAML1251\RelDir\EBOX3300_x86_Release\R6040.res
BUILD: [01:0000006720:INFO  ] 	C:\Windows\system32\cmd.exe /c copy C:\WINCE800\OSDesigns\MyXAML1251\MyXAML1251\Wince800\EBOX3300_x86_Retail\cesysgen\platform\EBOX3300\target\x86\retail\R6040.dll C:\WINCE800\OSDesigns\MyXAML1251\MyXAML1251\RelDir\EBOX3300_x86_Release\R6040.dll
BUILD: [01:0000006740:INFO  ]         1 file(s) copied.
BUILD: [00:0000006760:PROG  ] Consumed disk space: 417792 bytes.
BUILD: [00:0000006760:PROGC ] Starting LOCALIZE Pass.
BUILD: [00:0000006760:PROGC ] Analyzing project dependency information for pass LOCALIZE.
BUILD: [00:0000006760:PROGC ] Starting MANAGEDRESX Pass.
BUILD: [00:0000006760:PROGC ] Analyzing project dependency information for pass MANAGEDRESX.
BUILD: [00:0000006760:PROGC ] Starting MANAGEDMOD Pass.
BUILD: [00:0000006760:PROGC ] Analyzing project dependency information for pass MANAGEDMOD.
BUILD: [00:0000006760:PROGC ] Starting MANAGEDDLL Pass.
BUILD: [00:0000006760:PROGC ] Analyzing project dependency information for pass MANAGEDDLL.
BUILD: [00:0000006760:PROGC ] Starting MANAGEDEXE Pass.
BUILD: [00:0000006760:PROGC ] Analyzing project dependency information for pass MANAGEDEXE.
BUILD: [00:0000006760:PROGC ] Starting MANAGEDWIN Pass.
BUILD: [00:0000006760:PROGC ] Analyzing project dependency information for pass MANAGEDWIN.
BUILD: [00:0000006760:PROGC ] Starting POSTBUILD Pass.
BUILD: [00:0000006760:PROGC ] Analyzing project dependency information for pass POSTBUILD.
BUILD: [00:0000006770:PROGC ] Saving C:\wince800\platform\ebox3300\Buildx86retail.dat.
BUILD: [00:0000006800:INFO  ] Done.
BUILD: [00:0000006800:PROGC ] Done.
BUILD: [00:0000006800:PROGC ]                        Files  Warnings  Errors
BUILD: [00:0000006800:PROGC ] Midl                       0         0       0
BUILD: [00:0000006800:PROGC ] Message                    0         0       0
BUILD: [00:0000006800:PROGC ] Precomp Header             0         0       0
BUILD: [00:0000006800:PROGC ] Resource                   0         0       0
BUILD: [00:0000006800:PROGC ] XRPack                     0         0       0
BUILD: [00:0000006800:PROGC ] MASM                       0         0       0
BUILD: [00:0000006800:PROGC ] SHASM                      0         0       0
BUILD: [00:0000006800:PROGC ] ARMASM                     0         0       0
BUILD: [00:0000006800:PROGC ] C++                        0         0       0
BUILD: [00:0000006800:PROGC ] C                          1         0       0
BUILD: [00:0000006800:PROGC ] CheckLibs                  0         0       0
BUILD: [00:0000006800:PROGC ] Static Libraries           0         0       0
BUILD: [00:0000006800:PROGC ] Exe's                      0         0       0
BUILD: [00:0000006800:PROGC ] Dll's                      2         0       0
BUILD: [00:0000006800:PROGC ] Preprocess deffile         0         0       0
BUILD: [00:0000006800:PROGC ] Resx                       0         0       0
BUILD: [00:0000006800:PROGC ] CSharp Compile             0         0       0
BUILD: [00:0000006800:PROGC ] VCProj Compile             0         0       0
BUILD: [00:0000006800:PROGC ] NETCF Build                0         0       0
BUILD: [00:0000006800:PROGC ] Localization               0         0       0
BUILD: [00:0000006800:PROGC ] Other                      0         0       0
BUILD: [00:0000006800:PROGC ] 
BUILD: [00:0000006800:PROGC ] Total                      3         0       0
BUILD: [00:0000006800:PROGC ] 
BUILD: [00:0000006800:PROGC ] 0 Warnings,  0 Errors
BUILD: [00:0000006800:PROGC ] GetSystemTimes (seconds): Idle: 0     Kernel: 3     User: 3    
BUILD: [00:0000006800:PROGC ] Elapsed  time  (seconds): 6    
