BUILD: [Thread:SystemTickCount:Type  ] Message
BUILD: [00:0000000000:PROGC ] Build started with parameters: -c
BUILD: [00:0000000000:PROGC ] Build started in directory: C:\WINCE800\platform\ebox3300\src\oal\oalexe
BUILD: [00:0000000000:PROG  ] Environment: ALLUSERSPROFILE=C:\ProgramData
BUILD: [00:0000000000:PROG  ] Environment: APPDATA=C:\Users\XPMUser\AppData\Roaming
BUILD: [00:0000000000:PROG  ] Environment: BSP_DISPLAY_FLAT=1
BUILD: [00:0000000000:PROG  ] Environment: BSP_NIC_R6040=1
BUILD: [00:0000000000:PROG  ] Environment: BUILD_DEFAULT=-nmake -nologo
BUILD: [00:0000000000:PROG  ] Environment: BUILD_MULTIPROCESSOR=0
BUILD: [00:0000000000:PROG  ] Environment: CEBASE=1
BUILD: [00:0000000000:PROG  ] Environment: CommonProgramFiles=C:\Program Files\Common Files
BUILD: [00:0000000000:PROG  ] Environment: COMPUTERNAME=MYWIN7VM
BUILD: [00:0000000000:PROG  ] Environment: ComSpec=C:\Windows\system32\cmd.exe
BUILD: [00:0000000000:PROG  ] Environment: COPYCMD=/y
BUILD: [00:0000000000:PROG  ] Environment: DEFAULT_LOCALE=en-US
BUILD: [00:0000000000:PROG  ] Environment: FP_NO_HOST_CHECK=NO
BUILD: [00:0000000000:PROG  ] Environment: HOMEDRIVE=C:
BUILD: [00:0000000000:PROG  ] Environment: HOMEPATH=\Users\XPMUser
BUILD: [00:0000000000:PROG  ] Environment: IMG_SCREEN_MEDIUM=1
BUILD: [00:0000000000:PROG  ] Environment: IMG_XRST_THEME_0=1
BUILD: [00:0000000000:PROG  ] Environment: INSTALL_TYPE=WDS-USMT
BUILD: [00:0000000000:PROG  ] Environment: LOCALAPPDATA=C:\Users\XPMUser\AppData\Local
BUILD: [00:0000000000:PROG  ] Environment: LOCALE=0409
BUILD: [00:0000000000:PROG  ] Environment: LOGONSERVER=\\MYWIN7VM
BUILD: [00:0000000000:PROG  ] Environment: MSBuildLoadMicrosoftTargetsReadOnly=true
BUILD: [00:0000000000:PROG  ] Environment: NUMBER_OF_PROCESSORS=1
BUILD: [00:0000000000:PROG  ] Environment: OS=Windows_NT
BUILD: [00:0000000000:PROG  ] Environment: Path=C:\WINCE800\sdk\bin\i386\x86;C:\WINCE800\sdk\bin\i386;C:\WINCE800\sdk\bin\i386\x86;C:\WINCE800\public\common\oak\Bin\i386;C:\WINCE800\private\bin\i386;C:\WINCE800\private\bat;C:\WINCE800\public\common\oak\misc;C:\WINCE800\developr\XPMUser;C:\Program Files\Common Files\Microsoft Shared\Microsoft Online Services;C:\Windows\system32;C:\Windows;C:\Windows\System32\Wbem;C:\Windows\System32\WindowsPowerShell\v1.0\;C:\Program Files\Microsoft Application Virtualization Client;C:\Program Files\Microsoft\Web Platform Installer\;C:\Program Files\Microsoft ASP.NET\ASP.NET Web Pages\v1.0\;C:\Program Files\Windows Kits\8.0\Windows Performance Toolkit\;C:\Program Files\Microsoft SQL Server\110\Tools\Binn\;C:\Windows\system32;C:\Windows;C:\Program Files\Microsoft Platform Builder\8.00\cepb\ideVS
BUILD: [00:0000000000:PROG  ] Environment: PATHEXT=.COM;.EXE;.BAT;.CMD;.VBS;.VBE;.JS;.JSE;.WSF;.WSH;.MSC
BUILD: [00:0000000000:PROG  ] Environment: PBCONFIG=-234464094
BUILD: [00:0000000000:PROG  ] Environment: PBWORKSPACE=C:\WINCE800\OSDesigns\MyXAML1251\MyXAML1251\MyXAML1251.pbxml
BUILD: [00:0000000000:PROG  ] Environment: PBWORKSPACEROOT=C:\WINCE800\OSDesigns\MyXAML1251\MyXAML1251
BUILD: [00:0000000000:PROG  ] Environment: PkgDefApplicationConfigFile=C:\Users\XPMUser\AppData\Local\Microsoft\VisualStudio\11.0\devenv.exe.config
BUILD: [00:0000000000:PROG  ] Environment: PROCESSOR_ARCHITECTURE=x86
BUILD: [00:0000000000:PROG  ] Environment: PROCESSOR_IDENTIFIER=x86 Family 6 Model 23 Stepping 10, GenuineIntel
BUILD: [00:0000000000:PROG  ] Environment: PROCESSOR_LEVEL=6
BUILD: [00:0000000000:PROG  ] Environment: PROCESSOR_REVISION=170a
BUILD: [00:0000000000:PROG  ] Environment: ProgramData=C:\ProgramData
BUILD: [00:0000000000:PROG  ] Environment: ProgramFiles=C:\Program Files
BUILD: [00:0000000000:PROG  ] Environment: PROMPT=$P$G
BUILD: [00:0000000000:PROG  ] Environment: PSModulePath=C:\Windows\system32\WindowsPowerShell\v1.0\Modules\
BUILD: [00:0000000000:PROG  ] Environment: PUBLIC=C:\Users\Public
BUILD: [00:0000000000:PROG  ] Environment: SG_OUTPUT_ROOT=C:\WINCE800\OSDesigns\MyXAML1251\MyXAML1251\Wince800\EBOX3300_x86_Debug\cesysgen
BUILD: [00:0000000000:PROG  ] Environment: SYSGEN_CMD=1
BUILD: [00:0000000000:PROG  ] Environment: SYSGEN_CTLPNL2=1
BUILD: [00:0000000000:PROG  ] Environment: SYSGEN_DATETIMECPL=1
BUILD: [00:0000000000:PROG  ] Environment: SYSGEN_DISPLAYCPL=1
BUILD: [00:0000000000:PROG  ] Environment: SYSGEN_ETHERNETCPL=1
BUILD: [00:0000000000:PROG  ] Environment: SYSGEN_INPUTCPL=1
BUILD: [00:0000000000:PROG  ] Environment: SYSGEN_REGIONALCPL=1
BUILD: [00:0000000000:PROG  ] Environment: SYSGEN_SHELL=1
BUILD: [00:0000000000:PROG  ] Environment: SYSGEN_SNDSCHEMECPL=1
BUILD: [00:0000000000:PROG  ] Environment: SYSGEN_XAMLMSGBOX=1
BUILD: [00:0000000000:PROG  ] Environment: SYSGEN_XRSHELL=1
BUILD: [00:0000000000:PROG  ] Environment: SystemDrive=C:
BUILD: [00:0000000000:PROG  ] Environment: SystemRoot=C:\Windows
BUILD: [00:0000000000:PROG  ] Environment: TEMP=C:\Temp
BUILD: [00:0000000000:PROG  ] Environment: TMP=C:\Temp
BUILD: [00:0000000000:PROG  ] Environment: USERDOMAIN=MyWin7VM
BUILD: [00:0000000000:PROG  ] Environment: USERNAME=XPMUser
BUILD: [00:0000000000:PROG  ] Environment: USERPROFILE=C:\Users\XPMUser
BUILD: [00:0000000000:PROG  ] Environment: USING_PB_WORKSPACE_ENVIRONMENT=1
BUILD: [00:0000000000:PROG  ] Environment: VCBUILD_LOCATION=C:\Program Files\Microsoft Visual Studio 11.0\VC
BUILD: [00:0000000000:PROG  ] Environment: VisualStudioDir=C:\Users\XPMUser\Documents\Visual Studio 2012
BUILD: [00:0000000000:PROG  ] Environment: VisualStudioEdition=Microsoft Visual Studio Professional 2012
BUILD: [00:0000000000:PROG  ] Environment: VisualStudioVersion=11.0
BUILD: [00:0000000000:PROG  ] Environment: VS110COMNTOOLS=C:\Program Files\Microsoft Visual Studio 11.0\Common7\Tools\
BUILD: [00:0000000000:PROG  ] Environment: VSLANG=1033
BUILD: [00:0000000000:PROG  ] Environment: WECSDK=Veloce
BUILD: [00:0000000000:PROG  ] Environment: WINCEDEBUG=debug
BUILD: [00:0000000000:PROG  ] Environment: WINCEMAP=1
BUILD: [00:0000000000:PROG  ] Environment: WINCEREL=1
BUILD: [00:0000000000:PROG  ] Environment: windir=C:\Windows
BUILD: [00:0000000000:PROG  ] Environment: windows_tracing_flags=3
BUILD: [00:0000000000:PROG  ] Environment: windows_tracing_logfile=C:\BVTBin\Tests\installpackage\csilogfile.log
BUILD: [00:0000000000:PROG  ] Environment: _DEPTREES=winceos dcom wgi html netcf servers cellcore ossvcs shell directx ostest CEBASE
BUILD: [00:0000000000:PROG  ] Environment: _DOTNET20ROOT=C:\Windows\Microsoft.NET\Framework\v2.0.50727
BUILD: [00:0000000000:PROG  ] Environment: _DOTNET20SP2INSTALLED=1
BUILD: [00:0000000000:PROG  ] Environment: _DOTNET30ROOT=C:\Windows\Microsoft.NET\Framework\v3.0
BUILD: [00:0000000000:PROG  ] Environment: _DOTNET30SP2INSTALLED=1
BUILD: [00:0000000000:PROG  ] Environment: _DOTNET35ROOT=C:\Windows\Microsoft.NET\Framework\v3.5
BUILD: [00:0000000000:PROG  ] Environment: _DOTNET35SP1INSTALLED=1
BUILD: [00:0000000000:PROG  ] Environment: _DOTNET40ROOT=C:\Windows\Microsoft.NET\Framework\v4.0.30319
BUILD: [00:0000000000:PROG  ] Environment: _DOTNET45INSTALLED=1
BUILD: [00:0000000000:PROG  ] Environment: _DOTNETSDKROOT=C:\Windows\Microsoft.NET\Framework\v4.0.30319\
BUILD: [00:0000000000:PROG  ] Environment: _FLATRELEASEDIR=C:\WINCE800\OSDesigns\MyXAML1251\MyXAML1251\RelDir\EBOX3300_x86_Debug
BUILD: [00:0000000000:PROG  ] Environment: _HOSTCPUTYPE=i386
BUILD: [00:0000000000:PROG  ] Environment: _MAJORVERSION=8
BUILD: [00:0000000000:PROG  ] Environment: _MAKEENVROOT=C:\WINCE800\public\common\oak\misc
BUILD: [00:0000000000:PROG  ] Environment: _MINORVERSION=00
BUILD: [00:0000000000:PROG  ] Environment: _OSDESIGNDDKROOT=C:\WINCE800\OSDesigns\MyXAML1251\MyXAML1251\Wince800\EBOX3300_x86_Debug\ddk
BUILD: [00:0000000000:PROG  ] Environment: _OSDESIGNOAKROOT=C:\WINCE800\OSDesigns\MyXAML1251\MyXAML1251\Wince800\EBOX3300_x86_Debug\oak
BUILD: [00:0000000000:PROG  ] Environment: _OSDESIGNROOT=C:\WINCE800\OSDesigns\MyXAML1251\MyXAML1251
BUILD: [00:0000000000:PROG  ] Environment: _OSDESIGNSDKROOT=C:\WINCE800\OSDesigns\MyXAML1251\MyXAML1251\Wince800\EBOX3300_x86_Debug\sdk
BUILD: [00:0000000000:PROG  ] Environment: _PB_INSTALL_ROOT=C:\PROGRA~1\MIFAB2~1\8.00
BUILD: [00:0000000000:PROG  ] Environment: _PLATFORMDRIVE=C:
BUILD: [00:0000000000:PROG  ] Environment: _PLATFORMROOT=C:\WINCE800\platform
BUILD: [00:0000000000:PROG  ] Environment: _PREWINCEPATH=C:\Program Files\Common Files\Microsoft Shared\Microsoft Online Services;C:\Windows\system32;C:\Windows;C:\Windows\System32\Wbem;C:\Windows\System32\WindowsPowerShell\v1.0\;C:\Program Files\Microsoft Application Virtualization Client;C:\Program Files\Microsoft\Web Platform Installer\;C:\Program Files\Microsoft ASP.NET\ASP.NET Web Pages\v1.0\;C:\Program Files\Windows Kits\8.0\Windows Performance Toolkit\;C:\Program Files\Microsoft SQL Server\110\Tools\Binn\
BUILD: [00:0000000000:PROG  ] Environment: _PRIVATEDRIVE=C:
BUILD: [00:0000000000:PROG  ] Environment: _PRIVATEROOT=C:\WINCE800\private
BUILD: [00:0000000000:PROG  ] Environment: _PROJECTDDKROOT=C:\WINCE800\public\CEBASE\ddk
BUILD: [00:0000000000:PROG  ] Environment: _PROJECTOAKROOT=C:\WINCE800\public\CEBASE\oak
BUILD: [00:0000000000:PROG  ] Environment: _PROJECTROOT=C:\WINCE800\public\CEBASE
BUILD: [00:0000000000:PROG  ] Environment: _PROJECTSDKROOT=C:\WINCE800\public\CEBASE\sdk
BUILD: [00:0000000000:PROG  ] Environment: _PROJPUBLICROOT=C:\WINCE800\OSDesigns\MyXAML1251\MyXAML1251\WINCE800\PUBLIC
BUILD: [00:0000000000:PROG  ] Environment: _PUBLICDRIVE=C:
BUILD: [00:0000000000:PROG  ] Environment: _PUBLICROOT=C:\WINCE800\public
BUILD: [00:0000000000:PROG  ] Environment: _SDKDRIVE=C:
BUILD: [00:0000000000:PROG  ] Environment: _SDKROOT=C:\WINCE800\sdk
BUILD: [00:0000000000:PROG  ] Environment: _TARGETPLATROOT=C:\WINCE800\platform\EBOX3300
BUILD: [00:0000000000:PROG  ] Environment: _TGTCPU=x86
BUILD: [00:0000000000:PROG  ] Environment: _TGTCPUFAMILY=x86
BUILD: [00:0000000000:PROG  ] Environment: _TGTOS=CE
BUILD: [00:0000000000:PROG  ] Environment: _TGTPLAT=EBOX3300
BUILD: [00:0000000000:PROG  ] Environment: _TGTPROJ=CEBASE
BUILD: [00:0000000000:PROG  ] Environment: _TOOLSSDKDRIVE=C:
BUILD: [00:0000000000:PROG  ] Environment: _TOOLSSDKROOT=C:\WINCE800\tools\public\ext
BUILD: [00:0000000000:PROG  ] Environment: _WINCECALLED=1
BUILD: [00:0000000000:PROG  ] Environment: _WINCEDRIVE=C:
BUILD: [00:0000000000:PROG  ] Environment: _WINCEOSVER=800
BUILD: [00:0000000000:PROG  ] Environment: _WINCEROOT=C:\WINCE800
BUILD: [00:0000000000:PROG  ] Environment: __COMPAT_LAYER=RunAsAdmin
BUILD: [00:0000000000:PROGC ] Running passes WCEFILES0, MIDL, MC, ASN, THUNK, RUN_WPP, XRPACK, PRECOMPHEADER, COMPILE, RENUMBERICONIDS, RES2RES, LIB, EXPLIB, LINK, LOCALIZE, MANAGEDRESX, MANAGEDMOD, MANAGEDDLL, MANAGEDEXE, MANAGEDWIN, POSTBUILD for x86.
BUILD: [00:0000000010:PROGC ] Ignoring build database (-c specified).
BUILD: [00:0000000010:PROGC ] Computing include file dependencies:
BUILD: [01:0000000010:PROGC ] Scan C:\wince800\platform\ebox3300\src\oal\oalexe\
BUILD: [00:0000000010:PROG  ] Waiting for 1 worker threads.
BUILD: [00:0000001782:PROGC ] Directory scanning complete.
BUILD: [00:0000001782:PROGC ] Saving C:\wince800\platform\ebox3300\Buildx86debug.dat.
BUILD: [00:0000001792:INFO  ] Done.
BUILD: [00:0000001792:PROGC ] Saving Master Database complete.
BUILD: [00:0000001792:PROGC ] Starting WCEFILES0 Pass.
BUILD: [00:0000001792:PROGC ] Analyzing project dependency information for pass WCEFILES0.
BUILD: [00:0000001792:PROGC ] Starting MIDL Pass.
BUILD: [00:0000001792:PROGC ] Analyzing project dependency information for pass MIDL.
BUILD: [00:0000001792:PROGC ] Starting MC Pass.
BUILD: [00:0000001792:PROGC ] Analyzing project dependency information for pass MC.
BUILD: [00:0000001792:PROGC ] Starting ASN Pass.
BUILD: [00:0000001792:PROGC ] Analyzing project dependency information for pass ASN.
BUILD: [00:0000001792:PROGC ] Starting THUNK Pass.
BUILD: [00:0000001802:PROGC ] Analyzing project dependency information for pass THUNK.
BUILD: [00:0000001802:PROGC ] Starting RUN_WPP Pass.
BUILD: [00:0000001802:PROGC ] Analyzing project dependency information for pass RUN_WPP.
BUILD: [00:0000001802:PROGC ] Starting XRPACK Pass.
BUILD: [00:0000001802:PROGC ] Analyzing project dependency information for pass XRPACK.
BUILD: [00:0000001802:PROGC ] Starting PRECOMPHEADER Pass.
BUILD: [00:0000001802:PROGC ] Analyzing project dependency information for pass PRECOMPHEADER.
BUILD: [00:0000001802:PROGC ] Starting COMPILE Pass.
BUILD: [00:0000001802:PROGC ] Analyzing project dependency information for pass COMPILE.
BUILD: [00:0000001802:PROGC ] Starting RENUMBERICONIDS Pass.
BUILD: [00:0000001802:PROGC ] Analyzing project dependency information for pass RENUMBERICONIDS.
BUILD: [00:0000001802:PROGC ] Starting RES2RES Pass.
BUILD: [00:0000001802:PROGC ] Analyzing project dependency information for pass RES2RES.
BUILD: [00:0000001802:PROGC ] Starting LIB Pass.
BUILD: [00:0000001802:PROGC ] Analyzing project dependency information for pass LIB.
BUILD: [00:0000001802:PROGC ] Starting EXPLIB Pass.
BUILD: [00:0000001802:PROGC ] Analyzing project dependency information for pass EXPLIB.
BUILD: [00:0000001802:PROGC ] Starting LINK Pass.
BUILD: [00:0000001802:PROGC ] Analyzing project dependency information for pass LINK.
BUILD: [00:0000001952:INFO  ] Will Build C:\wince800\osdesigns\myxaml1251\myxaml1251\wince800\ebox3300_x86_debug\cesysgen\oak\lib\x86\debug\oemmain.lib because target: C:\WINCE800\OSDesigns\MyXAML1251\MyXAML1251\Wince800\EBOX3300_x86_Debug\cesysgen\platform\EBOX3300\target\x86\debug\oal.exe is missing.
BUILD: [00:0000001952:INFO  ] Will Build C:\wince800\osdesigns\myxaml1251\myxaml1251\wince800\ebox3300_x86_debug\cesysgen\oak\lib\x86\debug\nkldr.lib because target: C:\WINCE800\OSDesigns\MyXAML1251\MyXAML1251\Wince800\EBOX3300_x86_Debug\cesysgen\platform\EBOX3300\target\x86\debug\oal.exe is missing.
BUILD: [00:0000001952:INFO  ] Will Build C:\wince800\osdesigns\myxaml1251\myxaml1251\wince800\ebox3300_x86_debug\cesysgen\oak\lib\x86\debug\nkstub.lib because target: C:\WINCE800\OSDesigns\MyXAML1251\MyXAML1251\Wince800\EBOX3300_x86_Debug\cesysgen\platform\EBOX3300\target\x86\debug\oal.exe is missing.
BUILD: [00:0000001952:INFO  ] Will Build C:\wince800\osdesigns\myxaml1251\myxaml1251\wince800\ebox3300_x86_debug\cesysgen\platform\ebox3300\lib\x86\debug\oal.lib because target: C:\WINCE800\OSDesigns\MyXAML1251\MyXAML1251\Wince800\EBOX3300_x86_Debug\cesysgen\platform\EBOX3300\target\x86\debug\oal.exe is missing.
BUILD: [00:0000001952:INFO  ] Will Build C:\wince800\osdesigns\myxaml1251\myxaml1251\wince800\ebox3300_x86_debug\cesysgen\platcomm\ebox3300\lib\x86\debug\oal_startup_x86.lib because target: C:\WINCE800\OSDesigns\MyXAML1251\MyXAML1251\Wince800\EBOX3300_x86_Debug\cesysgen\platform\EBOX3300\target\x86\debug\oal.exe is missing.
BUILD: [00:0000001952:INFO  ] Will Build C:\wince800\osdesigns\myxaml1251\myxaml1251\wince800\ebox3300_x86_debug\cesysgen\platcomm\ebox3300\lib\x86\debug\oal_mpsupport_x86.lib because target: C:\WINCE800\OSDesigns\MyXAML1251\MyXAML1251\Wince800\EBOX3300_x86_Debug\cesysgen\platform\EBOX3300\target\x86\debug\oal.exe is missing.
BUILD: [00:0000001952:INFO  ] Will Build C:\wince800\osdesigns\myxaml1251\myxaml1251\wince800\ebox3300_x86_debug\cesysgen\platcomm\ebox3300\lib\x86\debug\oal_intr_x86.lib because target: C:\WINCE800\OSDesigns\MyXAML1251\MyXAML1251\Wince800\EBOX3300_x86_Debug\cesysgen\platform\EBOX3300\target\x86\debug\oal.exe is missing.
BUILD: [00:0000001952:INFO  ] Will Build C:\wince800\osdesigns\myxaml1251\myxaml1251\wince800\ebox3300_x86_debug\cesysgen\platcomm\ebox3300\lib\x86\debug\oal_power_x86.lib because target: C:\WINCE800\OSDesigns\MyXAML1251\MyXAML1251\Wince800\EBOX3300_x86_Debug\cesysgen\platform\EBOX3300\target\x86\debug\oal.exe is missing.
BUILD: [00:0000001952:INFO  ] Will Build C:\wince800\osdesigns\myxaml1251\myxaml1251\wince800\ebox3300_x86_debug\cesysgen\platcomm\ebox3300\lib\x86\debug\oal_rtc_x86.lib because target: C:\WINCE800\OSDesigns\MyXAML1251\MyXAML1251\Wince800\EBOX3300_x86_Debug\cesysgen\platform\EBOX3300\target\x86\debug\oal.exe is missing.
BUILD: [00:0000001952:INFO  ] Will Build C:\wince800\osdesigns\myxaml1251\myxaml1251\wince800\ebox3300_x86_debug\cesysgen\platcomm\ebox3300\lib\x86\debug\oal_timer_x86.lib because target: C:\WINCE800\OSDesigns\MyXAML1251\MyXAML1251\Wince800\EBOX3300_x86_Debug\cesysgen\platform\EBOX3300\target\x86\debug\oal.exe is missing.
BUILD: [00:0000001952:INFO  ] Will Build C:\wince800\osdesigns\myxaml1251\myxaml1251\wince800\ebox3300_x86_debug\cesysgen\platcomm\ebox3300\lib\x86\debug\oal_qpc_x86.lib because target: C:\WINCE800\OSDesigns\MyXAML1251\MyXAML1251\Wince800\EBOX3300_x86_Debug\cesysgen\platform\EBOX3300\target\x86\debug\oal.exe is missing.
BUILD: [00:0000001952:INFO  ] Will Build C:\wince800\osdesigns\myxaml1251\myxaml1251\wince800\ebox3300_x86_debug\cesysgen\platcomm\ebox3300\lib\x86\debug\oal_memory_x86.lib because target: C:\WINCE800\OSDesigns\MyXAML1251\MyXAML1251\Wince800\EBOX3300_x86_Debug\cesysgen\platform\EBOX3300\target\x86\debug\oal.exe is missing.
BUILD: [00:0000001952:INFO  ] Will Build C:\wince800\osdesigns\myxaml1251\myxaml1251\wince800\ebox3300_x86_debug\cesysgen\platcomm\ebox3300\lib\x86\debug\oal_ioctl_x86.lib because target: C:\WINCE800\OSDesigns\MyXAML1251\MyXAML1251\Wince800\EBOX3300_x86_Debug\cesysgen\platform\EBOX3300\target\x86\debug\oal.exe is missing.
BUILD: [00:0000001952:INFO  ] Will Build C:\wince800\osdesigns\myxaml1251\myxaml1251\wince800\ebox3300_x86_debug\cesysgen\platcomm\ebox3300\lib\x86\debug\oal_io_isa_pci.lib because target: C:\WINCE800\OSDesigns\MyXAML1251\MyXAML1251\Wince800\EBOX3300_x86_Debug\cesysgen\platform\EBOX3300\target\x86\debug\oal.exe is missing.
BUILD: [00:0000001952:INFO  ] Will Build C:\wince800\osdesigns\myxaml1251\myxaml1251\wince800\ebox3300_x86_debug\cesysgen\platcomm\ebox3300\lib\x86\debug\oal_io_x86.lib because target: C:\WINCE800\OSDesigns\MyXAML1251\MyXAML1251\Wince800\EBOX3300_x86_Debug\cesysgen\platform\EBOX3300\target\x86\debug\oal.exe is missing.
BUILD: [00:0000001952:INFO  ] Will Build C:\wince800\osdesigns\myxaml1251\myxaml1251\wince800\ebox3300_x86_debug\cesysgen\platcomm\ebox3300\lib\x86\debug\oal_intr_refcount.lib because target: C:\WINCE800\OSDesigns\MyXAML1251\MyXAML1251\Wince800\EBOX3300_x86_Debug\cesysgen\platform\EBOX3300\target\x86\debug\oal.exe is missing.
BUILD: [00:0000001952:INFO  ] Will Build C:\wince800\osdesigns\myxaml1251\myxaml1251\wince800\ebox3300_x86_debug\cesysgen\platcomm\ebox3300\lib\x86\debug\oal_ioctl.lib because target: C:\WINCE800\OSDesigns\MyXAML1251\MyXAML1251\Wince800\EBOX3300_x86_Debug\cesysgen\platform\EBOX3300\target\x86\debug\oal.exe is missing.
BUILD: [00:0000001952:INFO  ] Will Build C:\wince800\osdesigns\myxaml1251\myxaml1251\wince800\ebox3300_x86_debug\cesysgen\platcomm\ebox3300\lib\x86\debug\oal_log.lib because target: C:\WINCE800\OSDesigns\MyXAML1251\MyXAML1251\Wince800\EBOX3300_x86_Debug\cesysgen\platform\EBOX3300\target\x86\debug\oal.exe is missing.
BUILD: [00:0000001952:INFO  ] Will Build C:\wince800\osdesigns\myxaml1251\myxaml1251\wince800\ebox3300_x86_debug\cesysgen\platcomm\ebox3300\lib\x86\debug\oal_cache_x86.lib because target: C:\WINCE800\OSDesigns\MyXAML1251\MyXAML1251\Wince800\EBOX3300_x86_Debug\cesysgen\platform\EBOX3300\target\x86\debug\oal.exe is missing.
BUILD: [00:0000001952:INFO  ] Will Build C:\wince800\osdesigns\myxaml1251\myxaml1251\wince800\ebox3300_x86_debug\cesysgen\oak\lib\x86\debug\ddk_io.lib because target: C:\WINCE800\OSDesigns\MyXAML1251\MyXAML1251\Wince800\EBOX3300_x86_Debug\cesysgen\platform\EBOX3300\target\x86\debug\oal.exe is missing.
BUILD: [00:0000001952:INFO  ] Will Build C:\wince800\osdesigns\myxaml1251\myxaml1251\wince800\ebox3300_x86_debug\cesysgen\oak\lib\x86\debug\bootcrt.lib because target: C:\WINCE800\OSDesigns\MyXAML1251\MyXAML1251\Wince800\EBOX3300_x86_Debug\cesysgen\platform\EBOX3300\target\x86\debug\oal.exe is missing.
BUILD: [00:0000001952:INFO  ] Will Build C:\wince800\platform\ebox3300\src\oal\oalexe\ because target: C:\WINCE800\OSDesigns\MyXAML1251\MyXAML1251\Wince800\EBOX3300_x86_Debug\cesysgen\platform\EBOX3300\target\x86\debug\oal.exe is missing.
BUILD: [00:0000001952:PROGC ] Building LINK Pass in C:\wince800\platform\ebox3300\src\oal\oalexe\ directory.
BUILD: [00:0000001972:PROG  ] 'NMAKE.EXE  clean TargetExeFiles  -nologo BUILDMSG=Stop.  BUILDROOT=C:\WINCE800\platform\ebox3300 CLEANBUILD=1 /F C:\WINCE800\public\common\oak\misc\makefile.def LINKONLY=1 NOPASS0=1'
BUILD: [01:0000002002:INFO  ] makefile.def: Including C:\WINCE800\public\common\oak\misc\Sources.default
BUILD: [01:0000002002:INFO  ] makefile.def: BUILDROOT is C:\WINCE800\platform\ebox3300
BUILD: [01:0000002002:INFO  ] makefile.def: Including C:\WINCE800\platform\ebox3300\sources.cmn
BUILD: [01:0000002042:INFO  ] makefile.def: Including C:\wince800\platform\ebox3300\src\oal\oalexe\sources
BUILD: [01:0000002052:INFO  ] makefile.def: Including C:\WINCE800\public\common\oak\misc\Sources.CE
BUILD: [01:0000002052:INFO  ] Directory: C:\wince800\platform\ebox3300\src\oal\oalexe
BUILD: [01:0000002052:INFO  ] TARGETNAME: oal
BUILD: [01:0000002052:INFO  ] makefile.def: Including C:\WINCE800\public\common\oak\misc\sources.ReleaseType_PLATFORM
BUILD: [01:0000002072:INFO  ] makefile.def: BOOTCRT.LIB found in TARGETLIBS or SOURCELIBS; forcing NOCRTDLL=1
BUILD: [01:0000002473:INFO  ] Stop.
BUILD: [01:0000002503:INFO  ] .
BUILD: [01:0000002513:INFO  ] 	set LIB=
BUILD: [01:0000002543:PROGC ] Linking C:\WINCE800\OSDesigns\MyXAML1251\MyXAML1251\Wince800\EBOX3300_x86_Debug\cesysgen\platform\EBOX3300\target\x86\debug\oal.exe
BUILD: [01:0000002553:INFO  ] 	link.exe /LARGEADDRESSAWARE /filealign:0x1000 -out:C:\WINCE800\OSDesigns\MyXAML1251\MyXAML1251\Wince800\EBOX3300_x86_Debug\cesysgen\platform\EBOX3300\target\x86\debug\oal.exe -machine:x86 @C:\Temp\nmA443.tmp
BUILD: [01:0000002623:INFO  ] Microsoft (R) Incremental Linker Version 11.00.50907.0
BUILD: [01:0000002623:INFO  ] Copyright (C) Microsoft Corporation.  All rights reserved.
BUILD: [01:0000002623:INFO  ] 
BUILD: [01:0000002623:INFO  ] -nodefaultlib 
BUILD: [01:0000002623:INFO  ] -entry:StartUp 
BUILD: [01:0000002623:INFO  ] -pdb:C:\WINCE800\OSDesigns\MyXAML1251\MyXAML1251\Wince800\EBOX3300_x86_Debug\cesysgen\platform\EBOX3300\target\x86\debug\oal.pdb 
BUILD: [01:0000002623:INFO  ] -pdbaltpath:oal.pdb 
BUILD: [01:0000002623:INFO  ] -debug -incremental:no -debugtype:cv,fixup,PDATA -novcfeature 
BUILD: [01:0000002623:INFO  ] /safeseh 
BUILD: [01:0000002623:INFO  ] -map:C:\WINCE800\OSDesigns\MyXAML1251\MyXAML1251\Wince800\EBOX3300_x86_Debug\cesysgen\platform\EBOX3300\target\x86\debug\oal.map 
BUILD: [01:0000002623:INFO  ] -savebaserelocations:C:\WINCE800\OSDesigns\MyXAML1251\MyXAML1251\Wince800\EBOX3300_x86_Debug\cesysgen\platform\EBOX3300\target\x86\debug\oal.rel 
BUILD: [01:0000002623:INFO  ] -MERGE:.rdata=.text /FIXED:NO -ignore:4001,4070,4078,4086,4089,4096,4099,4108,4229 /STACK:65536,4096 
BUILD: [01:0000002623:INFO  ] /subsystem:windowsce,8.00 
BUILD: [01:0000002623:INFO  ] -base:0x00010000 
BUILD: [01:0000002623:INFO  ] C:\WINCE800\OSDesigns\MyXAML1251\MyXAML1251\Wince800\EBOX3300_x86_Debug\cesysgen\oak\lib\x86\debug\oemmain.lib 
BUILD: [01:0000002623:INFO  ] C:\WINCE800\OSDesigns\MyXAML1251\MyXAML1251\Wince800\EBOX3300_x86_Debug\cesysgen\oak\lib\x86\debug\nkldr.lib 
BUILD: [01:0000002623:INFO  ] C:\WINCE800\OSDesigns\MyXAML1251\MyXAML1251\Wince800\EBOX3300_x86_Debug\cesysgen\oak\lib\x86\debug\nkstub.lib 
BUILD: [01:0000002623:INFO  ] C:\WINCE800\OSDesigns\MyXAML1251\MyXAML1251\Wince800\EBOX3300_x86_Debug\cesysgen\platform\EBOX3300\lib\x86\debug\oal.lib 
BUILD: [01:0000002623:INFO  ] C:\WINCE800\OSDesigns\MyXAML1251\MyXAML1251\Wince800\EBOX3300_x86_Debug\cesysgen\platcomm\EBOX3300\lib\x86\debug\oal_startup_x86.lib 
BUILD: [01:0000002623:INFO  ] C:\WINCE800\OSDesigns\MyXAML1251\MyXAML1251\Wince800\EBOX3300_x86_Debug\cesysgen\platcomm\EBOX3300\lib\x86\debug\oal_mpsupport_x86.lib 
BUILD: [01:0000002623:INFO  ] C:\WINCE800\OSDesigns\MyXAML1251\MyXAML1251\Wince800\EBOX3300_x86_Debug\cesysgen\platcomm\EBOX3300\lib\x86\debug\oal_intr_x86.lib 
BUILD: [01:0000002623:INFO  ] C:\WINCE800\OSDesigns\MyXAML1251\MyXAML1251\Wince800\EBOX3300_x86_Debug\cesysgen\platcomm\EBOX3300\lib\x86\debug\oal_power_x86.lib 
BUILD: [01:0000002623:INFO  ] C:\WINCE800\OSDesigns\MyXAML1251\MyXAML1251\Wince800\EBOX3300_x86_Debug\cesysgen\platcomm\EBOX3300\lib\x86\debug\oal_rtc_x86.lib 
BUILD: [01:0000002623:INFO  ] C:\WINCE800\OSDesigns\MyXAML1251\MyXAML1251\Wince800\EBOX3300_x86_Debug\cesysgen\platcomm\EBOX3300\lib\x86\debug\oal_timer_x86.lib 
BUILD: [01:0000002633:INFO  ] C:\WINCE800\OSDesigns\MyXAML1251\MyXAML1251\Wince800\EBOX3300_x86_Debug\cesysgen\platcomm\EBOX3300\lib\x86\debug\oal_qpc_x86.lib 
BUILD: [01:0000002633:INFO  ] C:\WINCE800\OSDesigns\MyXAML1251\MyXAML1251\Wince800\EBOX3300_x86_Debug\cesysgen\platcomm\EBOX3300\lib\x86\debug\oal_memory_x86.lib 
BUILD: [01:0000002633:INFO  ] C:\WINCE800\OSDesigns\MyXAML1251\MyXAML1251\Wince800\EBOX3300_x86_Debug\cesysgen\platcomm\EBOX3300\lib\x86\debug\oal_ioctl_x86.lib 
BUILD: [01:0000002633:INFO  ] C:\WINCE800\OSDesigns\MyXAML1251\MyXAML1251\Wince800\EBOX3300_x86_Debug\cesysgen\platcomm\EBOX3300\lib\x86\debug\oal_io_isa_pci.lib 
BUILD: [01:0000002633:INFO  ] C:\WINCE800\OSDesigns\MyXAML1251\MyXAML1251\Wince800\EBOX3300_x86_Debug\cesysgen\platcomm\EBOX3300\lib\x86\debug\oal_io_x86.lib 
BUILD: [01:0000002633:INFO  ] C:\WINCE800\OSDesigns\MyXAML1251\MyXAML1251\Wince800\EBOX3300_x86_Debug\cesysgen\platcomm\EBOX3300\lib\x86\debug\oal_intr_refcount.lib 
BUILD: [01:0000002633:INFO  ] C:\WINCE800\OSDesigns\MyXAML1251\MyXAML1251\Wince800\EBOX3300_x86_Debug\cesysgen\platcomm\EBOX3300\lib\x86\debug\oal_ioctl.lib 
BUILD: [01:0000002633:INFO  ] C:\WINCE800\OSDesigns\MyXAML1251\MyXAML1251\Wince800\EBOX3300_x86_Debug\cesysgen\platcomm\EBOX3300\lib\x86\debug\oal_log.lib 
BUILD: [01:0000002633:INFO  ] C:\WINCE800\OSDesigns\MyXAML1251\MyXAML1251\Wince800\EBOX3300_x86_Debug\cesysgen\platcomm\EBOX3300\lib\x86\debug\oal_cache_x86.lib 
BUILD: [01:0000002633:INFO  ] C:\WINCE800\OSDesigns\MyXAML1251\MyXAML1251\Wince800\EBOX3300_x86_Debug\cesysgen\oak\lib\x86\debug\ddk_io.lib 
BUILD: [01:0000002633:INFO  ] C:\WINCE800\OSDesigns\MyXAML1251\MyXAML1251\Wince800\EBOX3300_x86_Debug\cesysgen\oak\lib\x86\debug\bootcrt.lib 
BUILD: [01:0000002673:INFO  ]    Creating library C:\WINCE800\OSDesigns\MyXAML1251\MyXAML1251\Wince800\EBOX3300_x86_Debug\cesysgen\platform\EBOX3300\target\x86\debug\oal.lib and object C:\WINCE800\OSDesigns\MyXAML1251\MyXAML1251\Wince800\EBOX3300_x86_Debug\cesysgen\platform\EBOX3300\target\x86\debug\oal.exp
BUILD: [01:0000003134:PROGC ] Warning(s) in directory "C:\wince800\platform\ebox3300\src\oal\oalexe\".
BUILD: [01:0000003134:WARNN ] oal.lib(debug.obj) : warning LNK4099: PDB 'oal.pdb' was not found with 'oal.lib(debug.obj)' or at 'C:\WINCE800\OSDesigns\MyXAML1251\MyXAML1251\Wince800\EBOX3300_x86_Debug\cesysgen\platform\EBOX3300\target\x86\debug\oal.pdb'; linking object as if no debug info
BUILD: [01:0000003144:WARNN ] oal.lib(init.obj) : warning LNK4099: PDB 'oal.pdb' was not found with 'oal.lib(init.obj)' or at 'C:\WINCE800\OSDesigns\MyXAML1251\MyXAML1251\Wince800\EBOX3300_x86_Debug\cesysgen\platform\EBOX3300\target\x86\debug\oal.pdb'; linking object as if no debug info
BUILD: [01:0000003154:WARNN ] oal.lib(ioctl.obj) : warning LNK4099: PDB 'oal.pdb' was not found with 'oal.lib(ioctl.obj)' or at 'C:\WINCE800\OSDesigns\MyXAML1251\MyXAML1251\Wince800\EBOX3300_x86_Debug\cesysgen\platform\EBOX3300\target\x86\debug\oal.pdb'; linking object as if no debug info
BUILD: [01:0000003164:WARNN ] oal.lib(memory.obj) : warning LNK4099: PDB 'oal.pdb' was not found with 'oal.lib(memory.obj)' or at 'C:\WINCE800\OSDesigns\MyXAML1251\MyXAML1251\Wince800\EBOX3300_x86_Debug\cesysgen\platform\EBOX3300\target\x86\debug\oal.pdb'; linking object as if no debug info
BUILD: [01:0000003164:WARNN ] oal.lib(timer.obj) : warning LNK4099: PDB 'oal.pdb' was not found with 'oal.lib(timer.obj)' or at 'C:\WINCE800\OSDesigns\MyXAML1251\MyXAML1251\Wince800\EBOX3300_x86_Debug\cesysgen\platform\EBOX3300\target\x86\debug\oal.pdb'; linking object as if no debug info
BUILD: [01:0000003174:WARNN ] oal_intr_x86.lib(init.obj) : warning LNK4099: PDB 'oal_intr_x86.pdb' was not found with 'oal_intr_x86.lib(init.obj)' or at 'C:\WINCE800\OSDesigns\MyXAML1251\MyXAML1251\Wince800\EBOX3300_x86_Debug\cesysgen\platform\EBOX3300\target\x86\debug\oal_intr_x86.pdb'; linking object as if no debug info
BUILD: [01:0000003174:WARNN ] oal_intr_x86.lib(fwpc.obj) : warning LNK4099: PDB 'oal_intr_x86.pdb' was not found with 'oal_intr_x86.lib(fwpc.obj)' or at 'C:\WINCE800\OSDesigns\MyXAML1251\MyXAML1251\Wince800\EBOX3300_x86_Debug\cesysgen\platform\EBOX3300\target\x86\debug\oal_intr_x86.pdb'; linking object as if no debug info
BUILD: [01:0000003184:WARNN ] oal_power_x86.lib(power.obj) : warning LNK4099: PDB 'oal_power_x86.pdb' was not found with 'oal_power_x86.lib(power.obj)' or at 'C:\WINCE800\OSDesigns\MyXAML1251\MyXAML1251\Wince800\EBOX3300_x86_Debug\cesysgen\platform\EBOX3300\target\x86\debug\oal_power_x86.pdb'; linking object as if no debug info
BUILD: [01:0000003194:WARNN ] oal_rtc_x86.lib(rtc.obj) : warning LNK4099: PDB 'oal_rtc_x86.pdb' was not found with 'oal_rtc_x86.lib(rtc.obj)' or at 'C:\WINCE800\OSDesigns\MyXAML1251\MyXAML1251\Wince800\EBOX3300_x86_Debug\cesysgen\platform\EBOX3300\target\x86\debug\oal_rtc_x86.pdb'; linking object as if no debug info
BUILD: [01:0000003204:WARNN ] oal_rtc_x86.lib(cmos.obj) : warning LNK4099: PDB 'oal_rtc_x86.pdb' was not found with 'oal_rtc_x86.lib(cmos.obj)' or at 'C:\WINCE800\OSDesigns\MyXAML1251\MyXAML1251\Wince800\EBOX3300_x86_Debug\cesysgen\platform\EBOX3300\target\x86\debug\oal_rtc_x86.pdb'; linking object as if no debug info
BUILD: [01:0000003204:WARNN ] oal_timer_x86.lib(timer.obj) : warning LNK4099: PDB 'oal_timer_x86.pdb' was not found with 'oal_timer_x86.lib(timer.obj)' or at 'C:\WINCE800\OSDesigns\MyXAML1251\MyXAML1251\Wince800\EBOX3300_x86_Debug\cesysgen\platform\EBOX3300\target\x86\debug\oal_timer_x86.pdb'; linking object as if no debug info
BUILD: [01:0000003214:WARNN ] oal_timer_x86.lib(iltiming.obj) : warning LNK4099: PDB 'oal_timer_x86.pdb' was not found with 'oal_timer_x86.lib(iltiming.obj)' or at 'C:\WINCE800\OSDesigns\MyXAML1251\MyXAML1251\Wince800\EBOX3300_x86_Debug\cesysgen\platform\EBOX3300\target\x86\debug\oal_timer_x86.pdb'; linking object as if no debug info
BUILD: [01:0000003214:WARNN ] oal_qpc_x86.lib(qpc.obj) : warning LNK4099: PDB 'oal_qpc_x86.pdb' was not found with 'oal_qpc_x86.lib(qpc.obj)' or at 'C:\WINCE800\OSDesigns\MyXAML1251\MyXAML1251\Wince800\EBOX3300_x86_Debug\cesysgen\platform\EBOX3300\target\x86\debug\oal_qpc_x86.pdb'; linking object as if no debug info
BUILD: [01:0000003224:WARNN ] oal_memory_x86.lib(memory.obj) : warning LNK4099: PDB 'oal_memory_x86.pdb' was not found with 'oal_memory_x86.lib(memory.obj)' or at 'C:\WINCE800\OSDesigns\MyXAML1251\MyXAML1251\Wince800\EBOX3300_x86_Debug\cesysgen\platform\EBOX3300\target\x86\debug\oal_memory_x86.pdb'; linking object as if no debug info
BUILD: [01:0000003224:WARNN ] oal_memory_x86.lib(map.obj) : warning LNK4099: PDB 'oal_memory_x86.pdb' was not found with 'oal_memory_x86.lib(map.obj)' or at 'C:\WINCE800\OSDesigns\MyXAML1251\MyXAML1251\Wince800\EBOX3300_x86_Debug\cesysgen\platform\EBOX3300\target\x86\debug\oal_memory_x86.pdb'; linking object as if no debug info
BUILD: [01:0000003234:WARNN ] oal_memory_x86.lib(acpi.obj) : warning LNK4099: PDB 'oal_memory_x86.pdb' was not found with 'oal_memory_x86.lib(acpi.obj)' or at 'C:\WINCE800\OSDesigns\MyXAML1251\MyXAML1251\Wince800\EBOX3300_x86_Debug\cesysgen\platform\EBOX3300\target\x86\debug\oal_memory_x86.pdb'; linking object as if no debug info
BUILD: [01:0000003244:WARNN ] oal_ioctl_x86.lib(procinfo.obj) : warning LNK4099: PDB 'oal_ioctl_x86.pdb' was not found with 'oal_ioctl_x86.lib(procinfo.obj)' or at 'C:\WINCE800\OSDesigns\MyXAML1251\MyXAML1251\Wince800\EBOX3300_x86_Debug\cesysgen\platform\EBOX3300\target\x86\debug\oal_ioctl_x86.pdb'; linking object as if no debug info
BUILD: [01:0000003244:WARNN ] oal_ioctl_x86.lib(devinfo.obj) : warning LNK4099: PDB 'oal_ioctl_x86.pdb' was not found with 'oal_ioctl_x86.lib(devinfo.obj)' or at 'C:\WINCE800\OSDesigns\MyXAML1251\MyXAML1251\Wince800\EBOX3300_x86_Debug\cesysgen\platform\EBOX3300\target\x86\debug\oal_ioctl_x86.pdb'; linking object as if no debug info
BUILD: [01:0000003254:WARNN ] oal_ioctl_x86.lib(reboot.obj) : warning LNK4099: PDB 'oal_ioctl_x86.pdb' was not found with 'oal_ioctl_x86.lib(reboot.obj)' or at 'C:\WINCE800\OSDesigns\MyXAML1251\MyXAML1251\Wince800\EBOX3300_x86_Debug\cesysgen\platform\EBOX3300\target\x86\debug\oal_ioctl_x86.pdb'; linking object as if no debug info
BUILD: [01:0000003254:WARNN ] oal_io_isa_pci.lib(data.obj) : warning LNK4099: PDB 'oal_io_isa_pci.pdb' was not found with 'oal_io_isa_pci.lib(data.obj)' or at 'C:\WINCE800\OSDesigns\MyXAML1251\MyXAML1251\Wince800\EBOX3300_x86_Debug\cesysgen\platform\EBOX3300\target\x86\debug\oal_io_isa_pci.pdb'; linking object as if no debug info
BUILD: [01:0000003264:WARNN ] oal_io_isa_pci.lib(power.obj) : warning LNK4099: PDB 'oal_io_isa_pci.pdb' was not found with 'oal_io_isa_pci.lib(power.obj)' or at 'C:\WINCE800\OSDesigns\MyXAML1251\MyXAML1251\Wince800\EBOX3300_x86_Debug\cesysgen\platform\EBOX3300\target\x86\debug\oal_io_isa_pci.pdb'; linking object as if no debug info
BUILD: [01:0000003274:WARNN ] oal_io_isa_pci.lib(trans.obj) : warning LNK4099: PDB 'oal_io_isa_pci.pdb' was not found with 'oal_io_isa_pci.lib(trans.obj)' or at 'C:\WINCE800\OSDesigns\MyXAML1251\MyXAML1251\Wince800\EBOX3300_x86_Debug\cesysgen\platform\EBOX3300\target\x86\debug\oal_io_isa_pci.pdb'; linking object as if no debug info
BUILD: [01:0000003274:WARNN ] oal_io_isa_pci.lib(ioctl.obj) : warning LNK4099: PDB 'oal_io_isa_pci.pdb' was not found with 'oal_io_isa_pci.lib(ioctl.obj)' or at 'C:\WINCE800\OSDesigns\MyXAML1251\MyXAML1251\Wince800\EBOX3300_x86_Debug\cesysgen\platform\EBOX3300\target\x86\debug\oal_io_isa_pci.pdb'; linking object as if no debug info
BUILD: [01:0000003284:WARNN ] oal_io_x86.lib(ioctl.obj) : warning LNK4099: PDB 'oal_io_x86.pdb' was not found with 'oal_io_x86.lib(ioctl.obj)' or at 'C:\WINCE800\OSDesigns\MyXAML1251\MyXAML1251\Wince800\EBOX3300_x86_Debug\cesysgen\platform\EBOX3300\target\x86\debug\oal_io_x86.pdb'; linking object as if no debug info
BUILD: [01:0000003284:WARNN ] oal_io_x86.lib(pci.obj) : warning LNK4099: PDB 'oal_io_x86.pdb' was not found with 'oal_io_x86.lib(pci.obj)' or at 'C:\WINCE800\OSDesigns\MyXAML1251\MyXAML1251\Wince800\EBOX3300_x86_Debug\cesysgen\platform\EBOX3300\target\x86\debug\oal_io_x86.pdb'; linking object as if no debug info
BUILD: [01:0000003294:WARNN ] oal_io_x86.lib(route.obj) : warning LNK4099: PDB 'oal_io_x86.pdb' was not found with 'oal_io_x86.lib(route.obj)' or at 'C:\WINCE800\OSDesigns\MyXAML1251\MyXAML1251\Wince800\EBOX3300_x86_Debug\cesysgen\platform\EBOX3300\target\x86\debug\oal_io_x86.pdb'; linking object as if no debug info
BUILD: [01:0000003304:WARNN ] oal_io_x86.lib(isapnp.obj) : warning LNK4099: PDB 'oal_io_x86.pdb' was not found with 'oal_io_x86.lib(isapnp.obj)' or at 'C:\WINCE800\OSDesigns\MyXAML1251\MyXAML1251\Wince800\EBOX3300_x86_Debug\cesysgen\platform\EBOX3300\target\x86\debug\oal_io_x86.pdb'; linking object as if no debug info
BUILD: [01:0000003304:WARNN ] oal_io_x86.lib(pciwrap.obj) : warning LNK4099: PDB 'oal_io_x86.pdb' was not found with 'oal_io_x86.lib(pciwrap.obj)' or at 'C:\WINCE800\OSDesigns\MyXAML1251\MyXAML1251\Wince800\EBOX3300_x86_Debug\cesysgen\platform\EBOX3300\target\x86\debug\oal_io_x86.pdb'; linking object as if no debug info
BUILD: [01:0000003314:WARNN ] oal_io_x86.lib(io.obj) : warning LNK4099: PDB 'oal_io_x86.pdb' was not found with 'oal_io_x86.lib(io.obj)' or at 'C:\WINCE800\OSDesigns\MyXAML1251\MyXAML1251\Wince800\EBOX3300_x86_Debug\cesysgen\platform\EBOX3300\target\x86\debug\oal_io_x86.pdb'; linking object as if no debug info
BUILD: [01:0000003314:WARNN ] oal_intr_refcount.lib(map_refcount.obj) : warning LNK4099: PDB 'oal_intr_refcount.pdb' was not found with 'oal_intr_refcount.lib(map_refcount.obj)' or at 'C:\WINCE800\OSDesigns\MyXAML1251\MyXAML1251\Wince800\EBOX3300_x86_Debug\cesysgen\platform\EBOX3300\target\x86\debug\oal_intr_refcount.pdb'; linking object as if no debug info
BUILD: [01:0000003324:WARNN ] oal_intr_refcount.lib(ioctl.obj) : warning LNK4099: PDB 'oal_intr_common.pdb' was not found with 'oal_intr_refcount.lib(ioctl.obj)' or at 'C:\WINCE800\OSDesigns\MyXAML1251\MyXAML1251\Wince800\EBOX3300_x86_Debug\cesysgen\platform\EBOX3300\target\x86\debug\oal_intr_common.pdb'; linking object as if no debug info
BUILD: [01:0000003324:WARNN ] oal_ioctl.lib(ioctl.obj) : warning LNK4099: PDB 'oal_ioctl.pdb' was not found with 'oal_ioctl.lib(ioctl.obj)' or at 'C:\WINCE800\OSDesigns\MyXAML1251\MyXAML1251\Wince800\EBOX3300_x86_Debug\cesysgen\platform\EBOX3300\target\x86\debug\oal_ioctl.pdb'; linking object as if no debug info
BUILD: [01:0000003334:WARNN ] oal_ioctl.lib(deviceid.obj) : warning LNK4099: PDB 'oal_ioctl.pdb' was not found with 'oal_ioctl.lib(deviceid.obj)' or at 'C:\WINCE800\OSDesigns\MyXAML1251\MyXAML1251\Wince800\EBOX3300_x86_Debug\cesysgen\platform\EBOX3300\target\x86\debug\oal_ioctl.pdb'; linking object as if no debug info
BUILD: [01:0000003344:WARNN ] oal_ioctl.lib(randomseed.obj) : warning LNK4099: PDB 'oal_ioctl.pdb' was not found with 'oal_ioctl.lib(randomseed.obj)' or at 'C:\WINCE800\OSDesigns\MyXAML1251\MyXAML1251\Wince800\EBOX3300_x86_Debug\cesysgen\platform\EBOX3300\target\x86\debug\oal_ioctl.pdb'; linking object as if no debug info
BUILD: [01:0000003344:WARNN ] oal_ioctl.lib(deviceinfo.obj) : warning LNK4099: PDB 'oal_ioctl.pdb' was not found with 'oal_ioctl.lib(deviceinfo.obj)' or at 'C:\WINCE800\OSDesigns\MyXAML1251\MyXAML1251\Wince800\EBOX3300_x86_Debug\cesysgen\platform\EBOX3300\target\x86\debug\oal_ioctl.pdb'; linking object as if no debug info
BUILD: [01:0000003354:WARNN ] oal_ioctl.lib(uuid.obj) : warning LNK4099: PDB 'oal_ioctl.pdb' was not found with 'oal_ioctl.lib(uuid.obj)' or at 'C:\WINCE800\OSDesigns\MyXAML1251\MyXAML1251\Wince800\EBOX3300_x86_Debug\cesysgen\platform\EBOX3300\target\x86\debug\oal_ioctl.pdb'; linking object as if no debug info
BUILD: [01:0000003354:WARNN ] oal_log.lib(log.obj) : warning LNK4099: PDB 'oal_log.pdb' was not found with 'oal_log.lib(log.obj)' or at 'C:\WINCE800\OSDesigns\MyXAML1251\MyXAML1251\Wince800\EBOX3300_x86_Debug\cesysgen\platform\EBOX3300\target\x86\debug\oal_log.pdb'; linking object as if no debug info
BUILD: [01:0000003364:WARNN ] oal_log.lib(debug.obj) : warning LNK4099: PDB 'oal_log.pdb' was not found with 'oal_log.lib(debug.obj)' or at 'C:\WINCE800\OSDesigns\MyXAML1251\MyXAML1251\Wince800\EBOX3300_x86_Debug\cesysgen\platform\EBOX3300\target\x86\debug\oal_log.pdb'; linking object as if no debug info
BUILD: [01:0000003364:WARNN ] oal_cache_x86.lib(ioctl.obj) : warning LNK4099: PDB 'oal_cache_x86.pdb' was not found with 'oal_cache_x86.lib(ioctl.obj)' or at 'C:\WINCE800\OSDesigns\MyXAML1251\MyXAML1251\Wince800\EBOX3300_x86_Debug\cesysgen\platform\EBOX3300\target\x86\debug\oal_cache_x86.pdb'; linking object as if no debug info
BUILD: [01:0000003374:WARNN ] oal_cache_x86.lib(global.obj) : warning LNK4099: PDB 'oal_cache_x86.pdb' was not found with 'oal_cache_x86.lib(global.obj)' or at 'C:\WINCE800\OSDesigns\MyXAML1251\MyXAML1251\Wince800\EBOX3300_x86_Debug\cesysgen\platform\EBOX3300\target\x86\debug\oal_cache_x86.pdb'; linking object as if no debug info
BUILD: [01:0000003374:WARNN ] oal_cache_x86.lib(flush.obj) : warning LNK4099: PDB 'oal_cache_x86.pdb' was not found with 'oal_cache_x86.lib(flush.obj)' or at 'C:\WINCE800\OSDesigns\MyXAML1251\MyXAML1251\Wince800\EBOX3300_x86_Debug\cesysgen\platform\EBOX3300\target\x86\debug\oal_cache_x86.pdb'; linking object as if no debug info
BUILD: [01:0000003515:INFO  ] 	C:\Windows\system32\cmd.exe /c md C:\WINCE800\OSDesigns\MyXAML1251\MyXAML1251\RelDir\EBOX3300_x86_Debug
BUILD: [01:0000003545:INFO  ] A subdirectory or file C:\WINCE800\OSDesigns\MyXAML1251\MyXAML1251\RelDir\EBOX3300_x86_Debug already exists.
BUILD: [01:0000003545:INFO  ] 	C:\Windows\system32\cmd.exe /c copy C:\WINCE800\OSDesigns\MyXAML1251\MyXAML1251\Wince800\EBOX3300_x86_Debug\cesysgen\platform\EBOX3300\target\x86\debug\oal.exe C:\WINCE800\OSDesigns\MyXAML1251\MyXAML1251\RelDir\EBOX3300_x86_Debug\oal.exe
BUILD: [01:0000003585:INFO  ]         1 file(s) copied.
BUILD: [01:0000003595:INFO  ] 	C:\Windows\system32\cmd.exe /c copy C:\WINCE800\OSDesigns\MyXAML1251\MyXAML1251\Wince800\EBOX3300_x86_Debug\cesysgen\platform\EBOX3300\target\x86\debug\oal.map C:\WINCE800\OSDesigns\MyXAML1251\MyXAML1251\RelDir\EBOX3300_x86_Debug\oal.map
BUILD: [01:0000003625:INFO  ]         1 file(s) copied.
BUILD: [01:0000003625:INFO  ] 	C:\Windows\system32\cmd.exe /c if exist C:\WINCE800\OSDesigns\MyXAML1251\MyXAML1251\Wince800\EBOX3300_x86_Debug\cesysgen\platform\EBOX3300\target\x86\debug\oal.pdb copy C:\WINCE800\OSDesigns\MyXAML1251\MyXAML1251\Wince800\EBOX3300_x86_Debug\cesysgen\platform\EBOX3300\target\x86\debug\oal.pdb C:\WINCE800\OSDesigns\MyXAML1251\MyXAML1251\RelDir\EBOX3300_x86_Debug
BUILD: [01:0000003675:INFO  ]         1 file(s) copied.
BUILD: [01:0000003685:INFO  ] 	C:\Windows\system32\cmd.exe /c if exist C:\WINCE800\OSDesigns\MyXAML1251\MyXAML1251\Wince800\EBOX3300_x86_Debug\cesysgen\platform\EBOX3300\target\x86\debug\oal.rel copy C:\WINCE800\OSDesigns\MyXAML1251\MyXAML1251\Wince800\EBOX3300_x86_Debug\cesysgen\platform\EBOX3300\target\x86\debug\oal.rel C:\WINCE800\OSDesigns\MyXAML1251\MyXAML1251\RelDir\EBOX3300_x86_Debug\oal.rel
BUILD: [01:0000003715:INFO  ]         1 file(s) copied.
BUILD: [00:0000003715:PROG  ] Consumed disk space: 212992 bytes.
BUILD: [00:0000003715:PROGC ] Starting LOCALIZE Pass.
BUILD: [00:0000003725:PROGC ] Analyzing project dependency information for pass LOCALIZE.
BUILD: [00:0000003725:PROGC ] Starting MANAGEDRESX Pass.
BUILD: [00:0000003725:PROGC ] Analyzing project dependency information for pass MANAGEDRESX.
BUILD: [00:0000003725:PROGC ] Starting MANAGEDMOD Pass.
BUILD: [00:0000003725:PROGC ] Analyzing project dependency information for pass MANAGEDMOD.
BUILD: [00:0000003725:PROGC ] Starting MANAGEDDLL Pass.
BUILD: [00:0000003725:PROGC ] Analyzing project dependency information for pass MANAGEDDLL.
BUILD: [00:0000003725:PROGC ] Starting MANAGEDEXE Pass.
BUILD: [00:0000003725:PROGC ] Analyzing project dependency information for pass MANAGEDEXE.
BUILD: [00:0000003725:PROGC ] Starting MANAGEDWIN Pass.
BUILD: [00:0000003725:PROGC ] Analyzing project dependency information for pass MANAGEDWIN.
BUILD: [00:0000003725:PROGC ] Starting POSTBUILD Pass.
BUILD: [00:0000003725:PROGC ] Analyzing project dependency information for pass POSTBUILD.
BUILD: [00:0000003725:PROGC ] Saving C:\wince800\platform\ebox3300\Buildx86debug.dat.
BUILD: [00:0000003735:INFO  ] Done.
BUILD: [00:0000003735:PROGC ] Done.
BUILD: [00:0000003745:PROGC ]                        Files  Warnings  Errors
BUILD: [00:0000003745:PROGC ] Midl                       0         0       0
BUILD: [00:0000003745:PROGC ] Message                    0         0       0
BUILD: [00:0000003745:PROGC ] Precomp Header             0         0       0
BUILD: [00:0000003745:PROGC ] Resource                   0         0       0
BUILD: [00:0000003745:PROGC ] XRPack                     0         0       0
BUILD: [00:0000003745:PROGC ] MASM                       0         0       0
BUILD: [00:0000003745:PROGC ] SHASM                      0         0       0
BUILD: [00:0000003745:PROGC ] ARMASM                     0         0       0
BUILD: [00:0000003745:PROGC ] C++                        0         0       0
BUILD: [00:0000003745:PROGC ] C                          0         0       0
BUILD: [00:0000003745:PROGC ] CheckLibs                  0         0       0
BUILD: [00:0000003745:PROGC ] Static Libraries           0         0       0
BUILD: [00:0000003745:PROGC ] Exe's                      1        41       0
BUILD: [00:0000003745:PROGC ] Dll's                      0         0       0
BUILD: [00:0000003745:PROGC ] Preprocess deffile         0         0       0
BUILD: [00:0000003745:PROGC ] Resx                       0         0       0
BUILD: [00:0000003745:PROGC ] CSharp Compile             0         0       0
BUILD: [00:0000003745:PROGC ] VCProj Compile             0         0       0
BUILD: [00:0000003745:PROGC ] NETCF Build                0         0       0
BUILD: [00:0000003745:PROGC ] Localization               0         0       0
BUILD: [00:0000003745:PROGC ] Other                      0         0       0
BUILD: [00:0000003745:PROGC ] 
BUILD: [00:0000003745:PROGC ] Total                      1        41       0
BUILD: [00:0000003745:PROGC ] 
BUILD: [00:0000003745:PROGC ] 41 Warnings,  0 Errors
BUILD: [00:0000003745:PROGC ] GetSystemTimes (seconds): Idle: 0     Kernel: 2     User: 1    
BUILD: [00:0000003745:PROGC ] Elapsed  time  (seconds): 3    
