BUILD: [00:0000000000:PROGC ] Build started with parameters:
BUILD: [00:0000000000:PROGC ] Build started in directory: C:\WINCE800\platform\ebox3300\src\common\kitl
BUILD: [00:0000000010:PROGC ] Running passes WCEFILES0, MIDL, MC, ASN, THUNK, RUN_WPP, XRPACK, PRECOMPHEADER, COMPILE, RENUMBERICONIDS, RES2RES, LIB, EXPLIB, LINK, LOCALIZE, MANAGEDRESX, MANAGEDMOD, MANAGEDDLL, MANAGEDEXE, MANAGEDWIN, POSTBUILD for x86.
BUILD: [00:0000000010:PROGC ] Loading database "C:\wince800\platform\ebox3300\Buildx86debug.dat".
BUILD: [00:0000000020:PROGC ] Done.
BUILD: [00:0000000020:PROGC ] Computing include file dependencies:
BUILD: [01:0000000060:PROGC ] Scan C:\wince800\platform\ebox3300\src\common\kitl\base\
BUILD: [01:0000000731:PROGC ] Scan C:\wince800\platform\ebox3300\src\common\kitl\baseboot\
BUILD: [00:0000001402:PROGC ] Directory scanning complete.
BUILD: [00:0000001402:PROGC ] Saving Master Database complete.
BUILD: [00:0000001402:PROGC ] Starting WCEFILES0 Pass.
BUILD: [00:0000001402:PROGC ] Analyzing project dependency information for pass WCEFILES0.
BUILD: [00:0000001402:PROGC ] Starting MIDL Pass.
BUILD: [00:0000001402:PROGC ] Analyzing project dependency information for pass MIDL.
BUILD: [00:0000001402:PROGC ] Starting MC Pass.
BUILD: [00:0000001402:PROGC ] Analyzing project dependency information for pass MC.
BUILD: [00:0000001402:PROGC ] Starting ASN Pass.
BUILD: [00:0000001402:PROGC ] Analyzing project dependency information for pass ASN.
BUILD: [00:0000001402:PROGC ] Starting THUNK Pass.
BUILD: [00:0000001402:PROGC ] Analyzing project dependency information for pass THUNK.
BUILD: [00:0000001402:PROGC ] Starting RUN_WPP Pass.
BUILD: [00:0000001402:PROGC ] Analyzing project dependency information for pass RUN_WPP.
BUILD: [00:0000001412:PROGC ] Starting XRPACK Pass.
BUILD: [00:0000001412:PROGC ] Analyzing project dependency information for pass XRPACK.
BUILD: [00:0000001412:PROGC ] Starting PRECOMPHEADER Pass.
BUILD: [00:0000001412:PROGC ] Analyzing project dependency information for pass PRECOMPHEADER.
BUILD: [00:0000001412:PROGC ] Starting COMPILE Pass.
BUILD: [00:0000001412:PROGC ] Analyzing project dependency information for pass COMPILE.
BUILD: [00:0000001412:PROGC ] Warning(s) in directory "C:\wince800\platform\ebox3300\src\common\kitl\base\".
BUILD: [00:0000001412:WARNN ] C:\wince800\platform\ebox3300\src\common\kitl\base\: Missing source file: C:\wince800\platform\common\src\x86\common\kitl\base\kdioctl_x86.c. {log="C:\WINCE800\platform\ebox3300\src\common\kitl\bldsys.log(31)"}
BUILD: [00:0000001412:WARNN ] C:\wince800\platform\ebox3300\src\common\kitl\base\: Missing source file: C:\WINCE800\platform\common\src\x86\common\kitl\base\kitldrv_x86.c. {log="C:\WINCE800\platform\ebox3300\src\common\kitl\bldsys.log(32)"}
BUILD: [00:0000001412:WARNN ] C:\wince800\platform\ebox3300\src\common\kitl\base\: Missing source file: C:\WINCE800\platform\common\src\x86\common\kitl\base\kitleth_x86.c. {log="C:\WINCE800\platform\ebox3300\src\common\kitl\bldsys.log(33)"}
BUILD: [00:0000001422:WARNN ] C:\wince800\platform\ebox3300\src\common\kitl\base\: Missing source file: C:\WINCE800\platform\common\src\x86\common\kitl\base\kitlioctl.c. {log="C:\WINCE800\platform\ebox3300\src\common\kitl\bldsys.log(34)"}
BUILD: [00:0000001422:WARNN ] C:\wince800\platform\ebox3300\src\common\kitl\base\: Missing source file: C:\WINCE800\platform\common\src\x86\common\kitl\base\kitlser_x86.c. {log="C:\WINCE800\platform\ebox3300\src\common\kitl\bldsys.log(35)"}
BUILD: [00:0000001422:WARNN ] C:\wince800\platform\ebox3300\src\common\kitl\base\: Missing source file: C:\WINCE800\platform\common\src\x86\common\kitl\base\kitlmain_x86.c. {log="C:\WINCE800\platform\ebox3300\src\common\kitl\bldsys.log(36)"}
BUILD: [00:0000001422:WARNN ] C:\wince800\platform\ebox3300\src\common\kitl\base\: Missing source file: C:\WINCE800\platform\common\src\x86\common\kitl\base\kitl_x86.c. {log="C:\WINCE800\platform\ebox3300\src\common\kitl\bldsys.log(37)"}
BUILD: [00:0000001422:WARNN ] C:\wince800\platform\ebox3300\src\common\kitl\base\: Missing source file: C:\WINCE800\platform\common\src\x86\common\kitl\base\ethgsec_x86.c. {log="C:\WINCE800\platform\ebox3300\src\common\kitl\bldsys.log(38)"}
BUILD: [00:0000001432:WARNN ] C:\wince800\platform\ebox3300\src\common\kitl\base\: Missing source file: C:\WINCE800\platform\common\src\x86\common\kitl\base\pcihelp_x86.c. {log="C:\WINCE800\platform\ebox3300\src\common\kitl\bldsys.log(39)"}
BUILD: [00:0000001432:WARNN ] C:\wince800\platform\ebox3300\src\common\kitl\base\: Missing source file: C:\WINCE800\platform\common\src\x86\common\kitl\base\ResourceManager.cpp. {log="C:\WINCE800\platform\ebox3300\src\common\kitl\bldsys.log(40)"}
BUILD: [00:0000001432:PROGC ] Building COMPILE Pass in C:\wince800\platform\ebox3300\src\common\kitl\base\ directory.
BUILD: [01:0000001602:PROGC ] Error(s) in directory "C:\wince800\platform\ebox3300\src\common\kitl\base\".
BUILD: [01:0000001602:ERRORE] NMAKE : fatal error U1073: don't know how to make 'C:\wince800\platform\ebox3300\src\common\kitl\base\obj\x86\debug\kdioctl_x86.obj' {log="C:\WINCE800\platform\ebox3300\src\common\kitl\bldsys.log(43)"}
BUILD: [01:0000001612:ERRORE] TargetCompilePass  -nologo BUILDMSG=Stop.  BUILDROOT=C:\WINCE800\platform\ebox3300 NOLINK=1 NOPASS0=1 failed - rc = 2 {log="C:\WINCE800\platform\ebox3300\src\common\kitl\bldsys.log(44)"}
BUILD: [00:0000001633:PROGC ]                        Files  Warnings  Errors
BUILD: [00:0000001633:PROGC ] Midl                       0         0       0
BUILD: [00:0000001633:PROGC ] Message                    0         0       0
BUILD: [00:0000001633:PROGC ] Precomp Header             0         0       0
BUILD: [00:0000001633:PROGC ] Resource                   0         0       0
BUILD: [00:0000001633:PROGC ] XRPack                     0         0       0
BUILD: [00:0000001633:PROGC ] MASM                       0         0       0
BUILD: [00:0000001633:PROGC ] SHASM                      0         0       0
BUILD: [00:0000001633:PROGC ] ARMASM                     0         0       0
BUILD: [00:0000001633:PROGC ] C++                        0         0       0
BUILD: [00:0000001633:PROGC ] C                          0         0       0
BUILD: [00:0000001633:PROGC ] CheckLibs                  0         0       0
BUILD: [00:0000001633:PROGC ] Static Libraries           0         0       0
BUILD: [00:0000001633:PROGC ] Exe's                      0         0       0
BUILD: [00:0000001633:PROGC ] Dll's                      0         0       0
BUILD: [00:0000001633:PROGC ] Preprocess deffile         0         0       0
BUILD: [00:0000001633:PROGC ] Resx                       0         0       0
BUILD: [00:0000001633:PROGC ] CSharp Compile             0         0       0
BUILD: [00:0000001633:PROGC ] VCProj Compile             0         0       0
BUILD: [00:0000001633:PROGC ] NETCF Build                0         0       0
BUILD: [00:0000001633:PROGC ] Localization               0         0       0
BUILD: [00:0000001633:PROGC ] Other                      0         0       2
BUILD: [00:0000001633:PROGC ] 
BUILD: [00:0000001633:PROGC ] Total                      0         0       2
BUILD: [00:0000001633:PROGC ] 
BUILD: [00:0000001633:PROGC ] 0 Warnings,  2 Errors
BUILD: [00:0000001633:PROGC ] GetSystemTimes (seconds): Idle: 0     Kernel: 0     User: 0    
BUILD: [00:0000001633:PROGC ] Elapsed  time  (seconds): 1    
